#
# There is insufficient memory for the Java Runtime Environment to continue.
# Native memory allocation (malloc) failed to allocate 233536 bytes for Chunk::new
# Possible reasons:
#   The system is out of physical RAM or swap space
#   In 32 bit mode, the process size limit was hit
# Possible solutions:
#   Reduce memory load on the system
#   Increase physical memory or swap space
#   Check if swap backing store is full
#   Use 64 bit Java on a 64 bit OS
#   Decrease Java heap size (-Xmx/-Xms)
#   Decrease number of Java threads
#   Decrease Java thread stack sizes (-Xss)
#   Set larger code cache with -XX:ReservedCodeCacheSize=
# This output file may be truncated or incomplete.
#
#  Out of Memory Error (allocation.cpp:390), pid=14592, tid=0x0000000000000068
#
# JRE version: OpenJDK Runtime Environment (8.0_152-b01) (build 1.8.0_152-release-915-b01)
# Java VM: OpenJDK 64-Bit Server VM (25.152-b01 mixed mode windows-amd64 compressed oops)
# Failed to write core dump. Minidumps are not enabled by default on client versions of Windows
#

---------------  T H R E A D  ---------------

Current thread (0x0000000018279000):  JavaThread "C2 CompilerThread1" daemon [_thread_in_native, id=104, stack(0x00000000199d0000,0x0000000019ad0000)]

Stack: [0x00000000199d0000,0x0000000019ad0000]
[error occurred during error reporting (printing stack bounds), id 0xc0000005]

Native frames: (J=compiled Java code, j=interpreted, Vv=VM code, C=native code)


Current CompileTask:
C2:  46092 11234       4       com.google.gson.stream.JsonWriter::string (169 bytes)


---------------  P R O C E S S  ---------------

Java Threads: ( => current thread )
  0x000000001d54e000 JavaThread "ForkJoinPool.commonPool-worker-0" daemon [_thread_blocked, id=32396, stack(0x0000000025930000,0x0000000025a30000)]
  0x000000001d545800 JavaThread "ForkJoinPool.commonPool-worker-3" daemon [_thread_blocked, id=7024, stack(0x0000000025830000,0x0000000025930000)]
  0x000000001d54c800 JavaThread "ForkJoinPool.commonPool-worker-2" daemon [_thread_blocked, id=24048, stack(0x0000000025730000,0x0000000025830000)]
  0x000000001d545000 JavaThread "ForkJoinPool.commonPool-worker-1" daemon [_thread_blocked, id=11544, stack(0x0000000025630000,0x0000000025730000)]
  0x000000001b8d9800 JavaThread "Memory manager" [_thread_blocked, id=29460, stack(0x0000000022830000,0x0000000022930000)]
  0x000000001b8db800 JavaThread "build operations Thread 4" [_thread_blocked, id=30760, stack(0x0000000022330000,0x0000000022430000)]
  0x000000001b8da000 JavaThread "build operations Thread 3" [_thread_blocked, id=26008, stack(0x0000000022230000,0x0000000022330000)]
  0x000000001b8d8000 JavaThread "build operations Thread 2" [_thread_blocked, id=21972, stack(0x0000000022130000,0x0000000022230000)]
  0x000000001b8d8800 JavaThread "build operations" [_thread_blocked, id=22480, stack(0x0000000020270000,0x0000000020370000)]
  0x000000001b8dd000 JavaThread "Cache worker for Artifact transforms cache (C:\Users\mazher807\.gradle\caches\transforms-1)" [_thread_blocked, id=27932, stack(0x000000001f0c0000,0x000000001f1c0000)]
  0x000000001d17e800 JavaThread "Cache worker for file hash cache (E:\MobileTracking\.gradle\4.1\fileHashes)" [_thread_blocked, id=21168, stack(0x000000001ddf0000,0x000000001def0000)]
  0x000000001a600000 JavaThread "File lock request listener" [_thread_in_native, id=12172, stack(0x000000001cb20000,0x000000001cc20000)]
  0x000000001a5ff800 JavaThread "Cache worker for file hash cache (C:\Users\mazher807\.gradle\caches\4.1\fileHashes)" [_thread_blocked, id=24604, stack(0x000000001ca20000,0x000000001cb20000)]
  0x000000001a3e4000 JavaThread "Stdin handler" [_thread_blocked, id=14004, stack(0x000000001c920000,0x000000001ca20000)]
  0x000000001a3e3800 JavaThread "Asynchronous log dispatcher for DefaultDaemonConnection: socket connection from /127.0.0.1:62753 to /127.0.0.1:62754" [_thread_blocked, id=5248, stack(0x000000001c820000,0x000000001c920000)]
  0x000000001a3ef000 JavaThread "Daemon worker" [_thread_in_vm, id=28676, stack(0x000000001c720000,0x000000001c820000)]
  0x000000001a3ec000 JavaThread "Cancel handler" [_thread_blocked, id=32472, stack(0x000000001c620000,0x000000001c720000)]
  0x000000001b3d2000 JavaThread "Handler for socket connection from /127.0.0.1:62753 to /127.0.0.1:62754" [_thread_in_native, id=21152, stack(0x000000001c320000,0x000000001c420000)]
  0x000000001b3d1800 JavaThread "Daemon" [_thread_blocked, id=28520, stack(0x000000001c220000,0x000000001c320000)]
  0x000000001ab46000 JavaThread "Daemon periodic checks" [_thread_blocked, id=27604, stack(0x000000001c120000,0x000000001c220000)]
  0x000000001b0a2800 JavaThread "Incoming local TCP Connector on port 62753" [_thread_in_native, id=32912, stack(0x000000001bee0000,0x000000001bfe0000)]
  0x0000000019bee000 JavaThread "Service Thread" daemon [_thread_blocked, id=32724, stack(0x0000000019fd0000,0x000000001a0d0000)]
  0x0000000018280000 JavaThread "C1 CompilerThread2" daemon [_thread_blocked, id=856, stack(0x0000000019ad0000,0x0000000019bd0000)]
=>0x0000000018279000 JavaThread "C2 CompilerThread1" daemon [_thread_in_native, id=104, stack(0x00000000199d0000,0x0000000019ad0000)]
  0x0000000018287800 JavaThread "C2 CompilerThread0" daemon [_thread_blocked, id=9140, stack(0x00000000198d0000,0x00000000199d0000)]
  0x0000000018286000 JavaThread "Attach Listener" daemon [_thread_blocked, id=29740, stack(0x00000000197d0000,0x00000000198d0000)]
  0x0000000018285000 JavaThread "Signal Dispatcher" daemon [_thread_blocked, id=31748, stack(0x00000000196d0000,0x00000000197d0000)]
  0x000000000490c000 JavaThread "Finalizer" daemon [_thread_blocked, id=23096, stack(0x00000000194e0000,0x00000000195e0000)]
  0x0000000004900800 JavaThread "Reference Handler" daemon [_thread_blocked, id=33460, stack(0x00000000193e0000,0x00000000194e0000)]
  0x000000000470d800 JavaThread "main" [_thread_blocked, id=26820, stack(0x0000000004710000,0x0000000004810000)]

Other Threads:
  0x0000000018246800 VMThread [stack: 0x00000000192e0000,0x00000000193e0000] [id=11928]
  0x0000000019bee800 WatcherThread [stack: 0x000000001a0d0000,0x000000001a1d0000] [id=28440]

VM state:not at safepoint (normal execution)

VM Mutex/Monitor currently owned by a thread: None

Heap:
 PSYoungGen      total 108544K, used 84718K [0x00000000e0000000, 0x00000000e7d00000, 0x0000000100000000)
  eden space 94208K, 78% used [0x00000000e0000000,0x00000000e4866668,0x00000000e5c00000)
  from space 14336K, 73% used [0x00000000e6e80000,0x00000000e78d5230,0x00000000e7c80000)
  to   space 16896K, 0% used [0x00000000e5c00000,0x00000000e5c00000,0x00000000e6c80000)
 ParOldGen       total 98304K, used 68276K [0x00000000a0000000, 0x00000000a6000000, 0x00000000e0000000)
  object space 98304K, 69% used [0x00000000a0000000,0x00000000a42ad200,0x00000000a6000000)
 Metaspace       used 66245K, capacity 68590K, committed 68824K, reserved 1110016K
  class space    used 8634K, capacity 9180K, committed 9216K, reserved 1048576K

Card table byte_map: [0x0000000013cd0000,0x0000000013fe0000] byte_map_base: 0x00000000137d0000

Marking Bits: (ParMarkBitMap*) 0x0000000051013950
 Begin Bits: [0x00000000145e0000, 0x0000000015de0000)
 End Bits:   [0x0000000015de0000, 0x00000000175e0000)

Polling page: 0x0000000004630000

CodeCache: size=245760Kb used=29692Kb max_used=29888Kb free=216067Kb
 bounds [0x0000000004910000, 0x0000000006680000, 0x0000000013910000]
 total_blobs=10171 nmethods=9340 adapters=742
 compilation: enabled

Compilation events (10 events):
Event: 46.056 Thread 0x0000000018280000 11250       3       com.google.gson.stream.JsonWriter::close (95 bytes)
Event: 46.057 Thread 0x0000000018280000 nmethod 11250 0x00000000054dea10 code [0x00000000054dec60, 0x00000000054df8d8]
Event: 46.057 Thread 0x0000000018280000 11251       3       com.google.protobuf.GeneratedMessageV3$FieldAccessorTable$SingularEnumFieldAccessor::get (52 bytes)
Event: 46.058 Thread 0x0000000018280000 nmethod 11251 0x0000000005f6b090 code [0x0000000005f6b260, 0x0000000005f6b9f8]
Event: 46.058 Thread 0x0000000018280000 11252       3       com.google.protobuf.Descriptors$Descriptor::getEnumTypes (11 bytes)
Event: 46.059 Thread 0x0000000018280000 nmethod 11252 0x0000000004d3aa90 code [0x0000000004d3ac60, 0x0000000004d3b3e8]
Event: 46.060 Thread 0x0000000018280000 11253       3       java.lang.AbstractStringBuilder::delete (80 bytes)
Event: 46.060 Thread 0x0000000018280000 nmethod 11253 0x00000000050bce10 code [0x00000000050bcfc0, 0x00000000050bd488]
Event: 46.060 Thread 0x0000000018280000 11254       3       com.google.wireless.android.sdk.stats.ApiVersion::internalGetFieldAccessorTable (11 bytes)
Event: 46.061 Thread 0x0000000018280000 nmethod 11254 0x0000000005f6ac50 code [0x0000000005f6adc0, 0x0000000005f6afe8]

GC Heap History (10 events):
Event: 35.775 GC heap before
{Heap before GC invocations=25 (full 2):
 PSYoungGen      total 88576K, used 53631K [0x00000000e0000000, 0x00000000e6280000, 0x0000000100000000)
  eden space 80384K, 56% used [0x00000000e0000000,0x00000000e2c67de8,0x00000000e4e80000)
  from space 8192K, 99% used [0x00000000e5800000,0x00000000e5ff8020,0x00000000e6000000)
  to   space 9728K, 0% used [0x00000000e4e80000,0x00000000e4e80000,0x00000000e5800000)
 ParOldGen       total 55808K, used 27014K [0x00000000a0000000, 0x00000000a3680000, 0x00000000e0000000)
  object space 55808K, 48% used [0x00000000a0000000,0x00000000a1a619b8,0x00000000a3680000)
 Metaspace       used 57151K, capacity 58846K, committed 59028K, reserved 1099776K
  class space    used 7649K, capacity 8132K, committed 8192K, reserved 1048576K
Event: 35.805 GC heap after
Heap after GC invocations=25 (full 2):
 PSYoungGen      total 90112K, used 9714K [0x00000000e0000000, 0x00000000e7c80000, 0x0000000100000000)
  eden space 80384K, 0% used [0x00000000e0000000,0x00000000e0000000,0x00000000e4e80000)
  from space 9728K, 99% used [0x00000000e4e80000,0x00000000e57fcb68,0x00000000e5800000)
  to   space 14336K, 0% used [0x00000000e6e80000,0x00000000e6e80000,0x00000000e7c80000)
 ParOldGen       total 55808K, used 36102K [0x00000000a0000000, 0x00000000a3680000, 0x00000000e0000000)
  object space 55808K, 64% used [0x00000000a0000000,0x00000000a2341830,0x00000000a3680000)
 Metaspace       used 57151K, capacity 58846K, committed 59028K, reserved 1099776K
  class space    used 7649K, capacity 8132K, committed 8192K, reserved 1048576K
}
Event: 35.805 GC heap before
{Heap before GC invocations=26 (full 3):
 PSYoungGen      total 90112K, used 9714K [0x00000000e0000000, 0x00000000e7c80000, 0x0000000100000000)
  eden space 80384K, 0% used [0x00000000e0000000,0x00000000e0000000,0x00000000e4e80000)
  from space 9728K, 99% used [0x00000000e4e80000,0x00000000e57fcb68,0x00000000e5800000)
  to   space 14336K, 0% used [0x00000000e6e80000,0x00000000e6e80000,0x00000000e7c80000)
 ParOldGen       total 55808K, used 36102K [0x00000000a0000000, 0x00000000a3680000, 0x00000000e0000000)
  object space 55808K, 64% used [0x00000000a0000000,0x00000000a2341830,0x00000000a3680000)
 Metaspace       used 57151K, capacity 58846K, committed 59028K, reserved 1099776K
  class space    used 7649K, capacity 8132K, committed 8192K, reserved 1048576K
Event: 36.209 GC heap after
Heap after GC invocations=26 (full 3):
 PSYoungGen      total 90112K, used 0K [0x00000000e0000000, 0x00000000e7c80000, 0x0000000100000000)
  eden space 80384K, 0% used [0x00000000e0000000,0x00000000e0000000,0x00000000e4e80000)
  from space 9728K, 0% used [0x00000000e4e80000,0x00000000e4e80000,0x00000000e5800000)
  to   space 14336K, 0% used [0x00000000e6e80000,0x00000000e6e80000,0x00000000e7c80000)
 ParOldGen       total 98304K, used 40596K [0x00000000a0000000, 0x00000000a6000000, 0x00000000e0000000)
  object space 98304K, 41% used [0x00000000a0000000,0x00000000a27a5068,0x00000000a6000000)
 Metaspace       used 57151K, capacity 58846K, committed 59028K, reserved 1099776K
  class space    used 7649K, capacity 8132K, committed 8192K, reserved 1048576K
}
Event: 42.078 GC heap before
{Heap before GC invocations=27 (full 3):
 PSYoungGen      total 90112K, used 80384K [0x00000000e0000000, 0x00000000e7c80000, 0x0000000100000000)
  eden space 80384K, 100% used [0x00000000e0000000,0x00000000e4e80000,0x00000000e4e80000)
  from space 9728K, 0% used [0x00000000e4e80000,0x00000000e4e80000,0x00000000e5800000)
  to   space 14336K, 0% used [0x00000000e6e80000,0x00000000e6e80000,0x00000000e7c80000)
 ParOldGen       total 98304K, used 40596K [0x00000000a0000000, 0x00000000a6000000, 0x00000000e0000000)
  object space 98304K, 41% used [0x00000000a0000000,0x00000000a27a5068,0x00000000a6000000)
 Metaspace       used 61765K, capacity 63740K, committed 63960K, reserved 1103872K
  class space    used 8116K, capacity 8583K, committed 8704K, reserved 1048576K
Event: 42.111 GC heap after
Heap after GC invocations=27 (full 3):
 PSYoungGen      total 108544K, used 14174K [0x00000000e0000000, 0x00000000e7d00000, 0x0000000100000000)
  eden space 94208K, 0% used [0x00000000e0000000,0x00000000e0000000,0x00000000e5c00000)
  from space 14336K, 98% used [0x00000000e6e80000,0x00000000e7c57ac8,0x00000000e7c80000)
  to   space 16896K, 0% used [0x00000000e5c00000,0x00000000e5c00000,0x00000000e6c80000)
 ParOldGen       total 98304K, used 52794K [0x00000000a0000000, 0x00000000a6000000, 0x00000000e0000000)
  object space 98304K, 53% used [0x00000000a0000000,0x00000000a338ea08,0x00000000a6000000)
 Metaspace       used 61765K, capacity 63740K, committed 63960K, reserved 1103872K
  class space    used 8116K, capacity 8583K, committed 8704K, reserved 1048576K
}
Event: 43.036 GC heap before
{Heap before GC invocations=28 (full 3):
 PSYoungGen      total 108544K, used 108382K [0x00000000e0000000, 0x00000000e7d00000, 0x0000000100000000)
  eden space 94208K, 100% used [0x00000000e0000000,0x00000000e5c00000,0x00000000e5c00000)
  from space 14336K, 98% used [0x00000000e6e80000,0x00000000e7c57ac8,0x00000000e7c80000)
  to   space 16896K, 0% used [0x00000000e5c00000,0x00000000e5c00000,0x00000000e6c80000)
 ParOldGen       total 98304K, used 52794K [0x00000000a0000000, 0x00000000a6000000, 0x00000000e0000000)
  object space 98304K, 53% used [0x00000000a0000000,0x00000000a338ea08,0x00000000a6000000)
 Metaspace       used 62277K, capacity 64252K, committed 64472K, reserved 1105920K
  class space    used 8169K, capacity 8647K, committed 8704K, reserved 1048576K
Event: 43.061 GC heap after
Heap after GC invocations=28 (full 3):
 PSYoungGen      total 111104K, used 16872K [0x00000000e0000000, 0x00000000e7d00000, 0x0000000100000000)
  eden space 94208K, 0% used [0x00000000e0000000,0x00000000e0000000,0x00000000e5c00000)
  from space 16896K, 99% used [0x00000000e5c00000,0x00000000e6c7a288,0x00000000e6c80000)
  to   space 14336K, 0% used [0x00000000e6e80000,0x00000000e6e80000,0x00000000e7c80000)
 ParOldGen       total 98304K, used 56476K [0x00000000a0000000, 0x00000000a6000000, 0x00000000e0000000)
  object space 98304K, 57% used [0x00000000a0000000,0x00000000a37272e8,0x00000000a6000000)
 Metaspace       used 62277K, capacity 64252K, committed 64472K, reserved 1105920K
  class space    used 8169K, capacity 8647K, committed 8704K, reserved 1048576K
}
Event: 45.165 GC heap before
{Heap before GC invocations=29 (full 3):
 PSYoungGen      total 111104K, used 111080K [0x00000000e0000000, 0x00000000e7d00000, 0x0000000100000000)
  eden space 94208K, 100% used [0x00000000e0000000,0x00000000e5c00000,0x00000000e5c00000)
  from space 16896K, 99% used [0x00000000e5c00000,0x00000000e6c7a288,0x00000000e6c80000)
  to   space 14336K, 0% used [0x00000000e6e80000,0x00000000e6e80000,0x00000000e7c80000)
 ParOldGen       total 98304K, used 56476K [0x00000000a0000000, 0x00000000a6000000, 0x00000000e0000000)
  object space 98304K, 57% used [0x00000000a0000000,0x00000000a37272e8,0x00000000a6000000)
 Metaspace       used 64196K, capacity 66326K, committed 66520K, reserved 1107968K
  class space    used 8416K, capacity 8882K, committed 8960K, reserved 1048576K
Event: 45.188 GC heap after
Heap after GC invocations=29 (full 3):
 PSYoungGen      total 108544K, used 10580K [0x00000000e0000000, 0x00000000e7d00000, 0x0000000100000000)
  eden space 94208K, 0% used [0x00000000e0000000,0x00000000e0000000,0x00000000e5c00000)
  from space 14336K, 73% used [0x00000000e6e80000,0x00000000e78d5230,0x00000000e7c80000)
  to   space 16896K, 0% used [0x00000000e5c00000,0x00000000e5c00000,0x00000000e6c80000)
 ParOldGen       total 98304K, used 68276K [0x00000000a0000000, 0x00000000a6000000, 0x00000000e0000000)
  object space 98304K, 69% used [0x00000000a0000000,0x00000000a42ad200,0x00000000a6000000)
 Metaspace       used 64196K, capacity 66326K, committed 66520K, reserved 1107968K
  class space    used 8416K, capacity 8882K, committed 8960K, reserved 1048576K
}

Deoptimization events (10 events):
Event: 45.463 Thread 0x000000001d548000 Uncommon trap: reason=class_check action=maybe_recompile pc=0x00000000055702c0 method=java.lang.Throwable.<init>(Ljava/lang/String;Ljava/lang/Throwable;)V @ 24
Event: 45.463 Thread 0x000000001d548000 Uncommon trap: reason=unstable_if action=reinterpret pc=0x0000000005db50ec method=com.google.common.collect.MapMakerInternalMap$Segment.getEntry(Ljava/lang/Object;I)Lcom/google/common/collect/MapMakerInternalMap$ReferenceEntry; @ 40
Event: 45.507 Thread 0x000000001d548000 Uncommon trap: reason=unstable_if action=reinterpret pc=0x0000000005d8a848 method=java.io.ObjectOutputStream$HandleTable.assign(Ljava/lang/Object;)I @ 24
Event: 45.537 Thread 0x000000001a3ef000 Uncommon trap: reason=class_check action=maybe_recompile pc=0x0000000004cdf2d0 method=org.gradle.internal.logging.text.AbstractLineChoppingStyledTextOutput$StateContext.flushLineText()V @ 110
Event: 45.537 Thread 0x000000001a3ef000 Uncommon trap: reason=class_check action=maybe_recompile pc=0x0000000004cdf2d0 method=org.gradle.internal.logging.text.AbstractLineChoppingStyledTextOutput$StateContext.flushLineText()V @ 110
Event: 45.537 Thread 0x000000001a3ef000 Uncommon trap: reason=class_check action=maybe_recompile pc=0x0000000004cdf2d0 method=org.gradle.internal.logging.text.AbstractLineChoppingStyledTextOutput$StateContext.flushLineText()V @ 110
Event: 45.537 Thread 0x000000001a3ef000 Uncommon trap: reason=class_check action=maybe_recompile pc=0x0000000004cdf2d0 method=org.gradle.internal.logging.text.AbstractLineChoppingStyledTextOutput$StateContext.flushLineText()V @ 110
Event: 45.614 Thread 0x000000001d54a000 Uncommon trap: reason=class_check action=maybe_recompile pc=0x0000000005316c58 method=java.util.concurrent.locks.ReentrantLock.lock()V @ 4
Event: 45.616 Thread 0x000000001d54b800 Uncommon trap: reason=class_check action=maybe_recompile pc=0x0000000005316c58 method=java.util.concurrent.locks.ReentrantLock.lock()V @ 4
Event: 45.638 Thread 0x000000001d546800 Uncommon trap: reason=class_check action=maybe_recompile pc=0x0000000005316c58 method=java.util.concurrent.locks.ReentrantLock.lock()V @ 4

Classes redefined (0 events):
No events

Internal exceptions (10 events):
Event: 44.499 Thread 0x000000001d54c800 Exception <a 'java/lang/ClassNotFoundException': org/gradle/api/plugins/JavaPluginConventionCustomizer> (0x00000000e2ce36f8) thrown at [D:\src\AOSP-openjdk-cygwin\jdk8u\hotspot\src\share\vm\classfile\systemDictionary.cpp, line 210]
Event: 44.930 Thread 0x000000001d54c800 Exception <a 'java/lang/NoSuchMethodError': java.lang.Object.lambda$comparing$ea9a8b3a$1(Ljava/util/Comparator;Ljava/util/function/Function;Ljava/lang/Object;Ljava/lang/Object;)I> (0x00000000e424a800) thrown at [D:\src\AOSP-openjdk-cygwin\jdk8u\hotspot\sr
Event: 45.041 Thread 0x000000001d54c800 Exception <a 'java/lang/NoSuchMethodError': java.lang.Object.lambda$or$2(Ljava/util/function/Predicate;Ljava/lang/Object;)Z> (0x00000000e4e87e78) thrown at [D:\src\AOSP-openjdk-cygwin\jdk8u\hotspot\src\share\vm\interpreter\linkResolver.cpp, line 584]
Event: 45.403 Thread 0x000000001d54c800 Exception <a 'java/lang/OutOfMemoryError'> (0x00000000e255dbe0) thrown at [D:\src\AOSP-openjdk-cygwin\jdk8u\hotspot\src\share\vm\prims\jni.cpp, line 735]
Event: 45.446 Thread 0x000000001d548000 Exception <a 'java/lang/reflect/InvocationTargetException'> (0x00000000e3775228) thrown at [D:\src\AOSP-openjdk-cygwin\jdk8u\hotspot\src\share\vm\runtime\reflection.cpp, line 1092]
Event: 45.455 Thread 0x000000001d548000 Exception <a 'java/lang/NoSuchMethodError': <clinit>> (0x00000000e37f5e30) thrown at [D:\src\AOSP-openjdk-cygwin\jdk8u\hotspot\src\share\vm\prims\jni.cpp, line 1613]
Event: 45.457 Thread 0x000000001d548000 Exception <a 'java/lang/NoSuchMethodError': <clinit>> (0x00000000e380b080) thrown at [D:\src\AOSP-openjdk-cygwin\jdk8u\hotspot\src\share\vm\prims\jni.cpp, line 1613]
Event: 45.458 Thread 0x000000001d548000 Implicit null exception at 0x00000000062286bb to 0x000000000622bd3d
Event: 45.506 Thread 0x000000001d548000 Exception <a 'java/lang/NoSuchMethodError': <clinit>> (0x00000000e39158d0) thrown at [D:\src\AOSP-openjdk-cygwin\jdk8u\hotspot\src\share\vm\prims\jni.cpp, line 1613]
Event: 45.725 Thread 0x000000001a3ef000 Exception <a 'sun/nio/fs/WindowsException'> (0x00000000e3e281a0) thrown at [D:\src\AOSP-openjdk-cygwin\jdk8u\hotspot\src\share\vm\prims\jni.cpp, line 709]

Events (10 events):
Event: 45.983 loading class com/google/wireless/android/sdk/stats/DeviceInfo$ApplicationBinaryInterface
Event: 45.983 loading class com/google/wireless/android/sdk/stats/DeviceInfo$ApplicationBinaryInterface done
Event: 45.984 loading class com/google/wireless/android/sdk/stats/GradleBuildSplits$CompatibleScreenSize
Event: 45.984 loading class com/google/wireless/android/sdk/stats/GradleBuildSplits$CompatibleScreenSize done
Event: 45.986 loading class com/google/protobuf/GeneratedMessageV3$FieldAccessorTable$RepeatedEnumFieldAccessor
Event: 45.986 loading class com/google/protobuf/GeneratedMessageV3$FieldAccessorTable$RepeatedEnumFieldAccessor done
Event: 45.989 loading class com/google/wireless/android/sdk/stats/AnnotationProcessorInfo$Builder
Event: 45.989 loading class com/google/wireless/android/sdk/stats/AnnotationProcessorInfo$Builder done
Event: 45.992 loading class com/google/wireless/android/sdk/stats/AnnotationProcessorInfo$InclusionType
Event: 45.992 loading class com/google/wireless/android/sdk/stats/AnnotationProcessorInfo$InclusionType done


Dynamic libraries:
0x00007ff7806e0000 - 0x00007ff780711000 	C:\Program Files\Android\Android Studio2\jre\bin\java.exe
0x00007ffc27f00000 - 0x00007ffc280e0000 	C:\WINDOWS\SYSTEM32\ntdll.dll
0x00007ffbfcb00000 - 0x00007ffbfcb34000 	C:\Program Files\AVAST Software\Avast\x64\aswhooka.dll
0x00007ffc26270000 - 0x00007ffc2631e000 	C:\WINDOWS\System32\KERNEL32.DLL
0x00007ffc24d40000 - 0x00007ffc24fa6000 	C:\WINDOWS\System32\KERNELBASE.dll
0x00007ffc254b0000 - 0x00007ffc25551000 	C:\WINDOWS\System32\ADVAPI32.dll
0x00007ffc25400000 - 0x00007ffc2549d000 	C:\WINDOWS\System32\msvcrt.dll
0x00007ffc279a0000 - 0x00007ffc279fb000 	C:\WINDOWS\System32\sechost.dll
0x00007ffc27880000 - 0x00007ffc2799f000 	C:\WINDOWS\System32\RPCRT4.dll
0x00007ffc255c0000 - 0x00007ffc2574f000 	C:\WINDOWS\System32\USER32.dll
0x00007ffc25300000 - 0x00007ffc25320000 	C:\WINDOWS\System32\win32u.dll
0x00007ffc27dc0000 - 0x00007ffc27de8000 	C:\WINDOWS\System32\GDI32.dll
0x00007ffc25160000 - 0x00007ffc252f3000 	C:\WINDOWS\System32\gdi32full.dll
0x00007ffc24a50000 - 0x00007ffc24aeb000 	C:\WINDOWS\System32\msvcp_win.dll
0x00007ffc25060000 - 0x00007ffc25156000 	C:\WINDOWS\System32\ucrtbase.dll
0x00007ffc1ab20000 - 0x00007ffc1ad89000 	C:\WINDOWS\WinSxS\amd64_microsoft.windows.common-controls_6595b64144ccf1df_6.0.16299.125_none_15cbcf8893620c09\COMCTL32.dll
0x00007ffc27a00000 - 0x00007ffc27d08000 	C:\WINDOWS\System32\combase.dll
0x00007ffc24cc0000 - 0x00007ffc24d32000 	C:\WINDOWS\System32\bcryptPrimitives.dll
0x00007ffc253d0000 - 0x00007ffc253fd000 	C:\WINDOWS\System32\IMM32.DLL
0x0000000051480000 - 0x0000000051552000 	C:\Program Files\Android\Android Studio2\jre\jre\bin\msvcr100.dll
0x0000000050850000 - 0x000000005108e000 	C:\Program Files\Android\Android Studio2\jre\jre\bin\server\jvm.dll
0x00007ffc254a0000 - 0x00007ffc254a8000 	C:\WINDOWS\System32\PSAPI.DLL
0x00007ffc1c930000 - 0x00007ffc1c939000 	C:\WINDOWS\SYSTEM32\WSOCK32.dll
0x00007ffc260f0000 - 0x00007ffc2615c000 	C:\WINDOWS\System32\WS2_32.dll
0x00007ffc22600000 - 0x00007ffc22623000 	C:\WINDOWS\SYSTEM32\WINMM.dll
0x00007ffc1c2a0000 - 0x00007ffc1c2aa000 	C:\WINDOWS\SYSTEM32\VERSION.dll
0x00007ffc225a0000 - 0x00007ffc225ca000 	C:\WINDOWS\SYSTEM32\WINMMBASE.dll
0x00007ffc24fb0000 - 0x00007ffc24ffa000 	C:\WINDOWS\System32\cfgmgr32.dll
0x00007ffc226c0000 - 0x00007ffc226cf000 	C:\Program Files\Android\Android Studio2\jre\jre\bin\verify.dll
0x00007ffc1c030000 - 0x00007ffc1c059000 	C:\Program Files\Android\Android Studio2\jre\jre\bin\java.dll
0x00007ffc1c010000 - 0x00007ffc1c026000 	C:\Program Files\Android\Android Studio2\jre\jre\bin\zip.dll
0x00007ffc26320000 - 0x00007ffc27756000 	C:\WINDOWS\System32\SHELL32.dll
0x00007ffc27d10000 - 0x00007ffc27db6000 	C:\WINDOWS\System32\shcore.dll
0x00007ffc24300000 - 0x00007ffc24a47000 	C:\WINDOWS\System32\windows.storage.dll
0x00007ffc25bc0000 - 0x00007ffc25c11000 	C:\WINDOWS\System32\shlwapi.dll
0x00007ffc242e0000 - 0x00007ffc242f1000 	C:\WINDOWS\System32\kernel.appcore.dll
0x00007ffc24270000 - 0x00007ffc242bc000 	C:\WINDOWS\System32\powrprof.dll
0x00007ffc24250000 - 0x00007ffc2426b000 	C:\WINDOWS\System32\profapi.dll
0x00007ffc1bd30000 - 0x00007ffc1bd4a000 	C:\Program Files\Android\Android Studio2\jre\jre\bin\net.dll
0x00007ffc23ae0000 - 0x00007ffc23b46000 	C:\WINDOWS\system32\mswsock.dll
0x00007ffc18b40000 - 0x00007ffc18b51000 	C:\Program Files\Android\Android Studio2\jre\jre\bin\nio.dll
0x00007ffc226a0000 - 0x00007ffc226be000 	C:\Users\mazher807\.gradle\native\25\windows-amd64\native-platform.dll
0x00007ffc18a80000 - 0x00007ffc18a8d000 	C:\Program Files\Android\Android Studio2\jre\jre\bin\management.dll
0x00007ffc23ca0000 - 0x00007ffc23cb7000 	C:\WINDOWS\SYSTEM32\CRYPTSP.dll
0x00007ffc236f0000 - 0x00007ffc23723000 	C:\WINDOWS\system32\rsaenh.dll
0x00007ffc23db0000 - 0x00007ffc23dd5000 	C:\WINDOWS\SYSTEM32\bcrypt.dll
0x00007ffc24180000 - 0x00007ffc241a9000 	C:\WINDOWS\SYSTEM32\USERENV.dll
0x00007ffc23cc0000 - 0x00007ffc23ccb000 	C:\WINDOWS\SYSTEM32\CRYPTBASE.dll
0x00007ffc23870000 - 0x00007ffc238a9000 	C:\WINDOWS\SYSTEM32\IPHLPAPI.DLL
0x00007ffc27ec0000 - 0x00007ffc27ec8000 	C:\WINDOWS\System32\NSI.dll
0x00007ffc1f290000 - 0x00007ffc1f2a6000 	C:\WINDOWS\SYSTEM32\dhcpcsvc6.DLL
0x00007ffc1f270000 - 0x00007ffc1f28a000 	C:\WINDOWS\SYSTEM32\dhcpcsvc.DLL

VM Arguments:
jvm_args: -Xmx1536m -Dfile.encoding=windows-1252 -Duser.country=IN -Duser.language=en -Duser.variant 
java_command: org.gradle.launcher.daemon.bootstrap.GradleDaemon 4.1
java_class_path (initial): C:\Users\mazher807\.gradle\wrapper\dists\gradle-4.1-all\bzyivzo6n839fup2jbap0tjew\gradle-4.1\lib\gradle-launcher-4.1.jar
Launcher Type: SUN_STANDARD

Environment Variables:
PATH=C:\ProgramData\Oracle\Java\javapath;C:\WINDOWS\system32;C:\WINDOWS;C:\WINDOWS\System32\Wbem;C:\WINDOWS\System32\WindowsPowerShell\v1.0\;C:\Program Files\dotnet\;C:\Program Files\Microsoft SQL Server\130\Tools\Binn\;C:\Program Files\Java\jdk-9.0.1\bin;%USERPROFILE%\AppData\Local\Microsoft\WindowsApps;
USERNAME=mazher807
OS=Windows_NT
PROCESSOR_IDENTIFIER=Intel64 Family 6 Model 61 Stepping 4, GenuineIntel



---------------  S Y S T E M  ---------------

OS: Windows 10.0 , 64 bit Build 16299 (10.0.16299.15)

CPU:total 4 (initial active 4) (2 cores per cpu, 2 threads per core) family 6 model 61 stepping 4, cmov, cx8, fxsr, mmx, sse, sse2, sse3, ssse3, sse4.1, sse4.2, popcnt, avx, avx2, aes, clmul, erms, 3dnowpref, lzcnt, ht, tsc, tscinvbit, bmi1, bmi2, adx

Memory: 4k page, physical 4112560k(360312k free), swap 16695472k(2108k free)

vm_info: OpenJDK 64-Bit Server VM (25.152-b01) for windows-amd64 JRE (1.8.0_152-release-915-b01), built by "builder" with MS VC++ 10.0 (VS2010)

time: Mon Feb 05 16:33:13 2018
elapsed time: 46 seconds (0d 0h 0m 46s)

