#
# There is insufficient memory for the Java Runtime Environment to continue.
# Native memory allocation (malloc) failed to allocate 32744 bytes for ChunkPool::allocate
# Possible reasons:
#   The system is out of physical RAM or swap space
#   In 32 bit mode, the process size limit was hit
# Possible solutions:
#   Reduce memory load on the system
#   Increase physical memory or swap space
#   Check if swap backing store is full
#   Use 64 bit Java on a 64 bit OS
#   Decrease Java heap size (-Xmx/-Xms)
#   Decrease number of Java threads
#   Decrease Java thread stack sizes (-Xss)
#   Set larger code cache with -XX:ReservedCodeCacheSize=
# This output file may be truncated or incomplete.
#
#  Out of Memory Error (allocation.cpp:273), pid=27604, tid=0x0000000000002d18
#
# JRE version: OpenJDK Runtime Environment (8.0_152-b01) (build 1.8.0_152-release-915-b01)
# Java VM: OpenJDK 64-Bit Server VM (25.152-b01 mixed mode windows-amd64 compressed oops)
# Failed to write core dump. Minidumps are not enabled by default on client versions of Windows
#

---------------  T H R E A D  ---------------

Current thread (0x00000000188cb000):  JavaThread "C2 CompilerThread0" daemon [_thread_in_native, id=11544, stack(0x0000000019f20000,0x000000001a020000)]

Stack: [0x0000000019f20000,0x000000001a020000]
[error occurred during error reporting (printing stack bounds), id 0xc0000005]

Native frames: (J=compiled Java code, j=interpreted, Vv=VM code, C=native code)


Current CompileTask:
C2:  49971 8893       4       com.android.dex.EncodedValueReader::skipValue (364 bytes)


---------------  P R O C E S S  ---------------

Java Threads: ( => current thread )
  0x000000001b388800 JavaThread "ForkJoinPool.commonPool-worker-0" daemon [_thread_blocked, id=32080, stack(0x00000000269e0000,0x0000000026ae0000)]
  0x000000001b389000 JavaThread "ForkJoinPool.commonPool-worker-3" daemon [_thread_blocked, id=31412, stack(0x00000000268e0000,0x00000000269e0000)]
  0x000000001b384800 JavaThread "ForkJoinPool.commonPool-worker-2" daemon [_thread_blocked, id=33624, stack(0x00000000267e0000,0x00000000268e0000)]
  0x00000000200e9000 JavaThread "ForkJoinPool.commonPool-worker-1" daemon [_thread_in_Java, id=33112, stack(0x00000000266e0000,0x00000000267e0000)]
  0x00000000200ef000 JavaThread "Cache worker for Java compile cache (E:\MobileTracking\.gradle\4.1\javaCompile)" [_thread_blocked, id=33496, stack(0x00000000265e0000,0x00000000266e0000)]
  0x00000000200f3800 JavaThread "Task worker for ':' Thread 3" [_thread_blocked, id=31360, stack(0x00000000253e0000,0x00000000254e0000)]
  0x00000000200f3000 JavaThread "Task worker for ':' Thread 2" [_thread_blocked, id=31500, stack(0x00000000252e0000,0x00000000253e0000)]
  0x00000000200f2000 JavaThread "Task worker for ':'" [_thread_blocked, id=16920, stack(0x00000000251e0000,0x00000000252e0000)]
  0x00000000200ea800 JavaThread "Cache worker for task history cache (E:\MobileTracking\.gradle\4.1\taskHistory)" [_thread_blocked, id=28864, stack(0x00000000250e0000,0x00000000251e0000)]
  0x00000000200f1800 JavaThread "Cache worker for file content cache (E:\MobileTracking\.gradle\4.1\fileContent)" [_thread_blocked, id=24124, stack(0x0000000024fe0000,0x00000000250e0000)]
  0x00000000200e7800 JavaThread "Memory manager" [_thread_blocked, id=25528, stack(0x00000000234c0000,0x00000000235c0000)]
  0x00000000200ed800 JavaThread "build operations Thread 4" [_thread_blocked, id=26796, stack(0x0000000022a00000,0x0000000022b00000)]
  0x00000000200ed000 JavaThread "build operations Thread 3" [_thread_blocked, id=31776, stack(0x0000000022900000,0x0000000022a00000)]
  0x00000000200e8800 JavaThread "build operations Thread 2" [_thread_blocked, id=9924, stack(0x0000000022800000,0x0000000022900000)]
  0x00000000200e7000 JavaThread "build operations" [_thread_blocked, id=11148, stack(0x0000000022700000,0x0000000022800000)]
  0x00000000200e6000 JavaThread "Cache worker for Artifact transforms cache (C:\Users\mazher807\.gradle\caches\transforms-1)" [_thread_blocked, id=32988, stack(0x0000000022200000,0x0000000022300000)]
  0x000000001b258000 JavaThread "Cache worker for file hash cache (E:\MobileTracking\.gradle\4.1\fileHashes)" [_thread_blocked, id=32240, stack(0x000000001e440000,0x000000001e540000)]
  0x000000001b257000 JavaThread "File lock request listener" [_thread_in_native, id=31788, stack(0x000000001e140000,0x000000001e240000)]
  0x000000001b253800 JavaThread "Cache worker for file hash cache (C:\Users\mazher807\.gradle\caches\4.1\fileHashes)" [_thread_blocked, id=25704, stack(0x000000001e040000,0x000000001e140000)]
  0x000000001b256800 JavaThread "Stdin handler" [_thread_blocked, id=26740, stack(0x000000001df40000,0x000000001e040000)]
  0x000000001b255000 JavaThread "Asynchronous log dispatcher for DefaultDaemonConnection: socket connection from /127.0.0.1:62879 to /127.0.0.1:62880" [_thread_blocked, id=33736, stack(0x000000001de40000,0x000000001df40000)]
  0x000000001b255800 JavaThread "Daemon worker" [_thread_blocked, id=5364, stack(0x000000001dd40000,0x000000001de40000)]
  0x000000001b259800 JavaThread "Cancel handler" [_thread_blocked, id=33400, stack(0x000000001dc40000,0x000000001dd40000)]
  0x000000001b254000 JavaThread "Handler for socket connection from /127.0.0.1:62879 to /127.0.0.1:62880" [_thread_in_native, id=24476, stack(0x000000001d940000,0x000000001da40000)]
  0x000000001b25a000 JavaThread "Daemon" [_thread_blocked, id=28232, stack(0x000000001d840000,0x000000001d940000)]
  0x000000001b53f000 JavaThread "Daemon periodic checks" [_thread_blocked, id=30260, stack(0x000000001d740000,0x000000001d840000)]
  0x000000001b56b800 JavaThread "Incoming local TCP Connector on port 62879" [_thread_in_native, id=8488, stack(0x000000001d500000,0x000000001d600000)]
  0x000000001892e800 JavaThread "Service Thread" daemon [_thread_blocked, id=29492, stack(0x000000001a620000,0x000000001a720000)]
  0x00000000188d0000 JavaThread "C1 CompilerThread2" daemon [_thread_blocked, id=32396, stack(0x000000001a120000,0x000000001a220000)]
  0x00000000188cd000 JavaThread "C2 CompilerThread1" daemon [_thread_in_native, id=24048, stack(0x000000001a020000,0x000000001a120000)]
=>0x00000000188cb000 JavaThread "C2 CompilerThread0" daemon [_thread_in_native, id=11544, stack(0x0000000019f20000,0x000000001a020000)]
  0x00000000188ca800 JavaThread "Attach Listener" daemon [_thread_blocked, id=7024, stack(0x0000000019e20000,0x0000000019f20000)]
  0x00000000188d6800 JavaThread "Signal Dispatcher" daemon [_thread_blocked, id=20208, stack(0x0000000019d20000,0x0000000019e20000)]
  0x0000000004f5d800 JavaThread "Finalizer" daemon [_thread_blocked, id=29460, stack(0x0000000019b30000,0x0000000019c30000)]
  0x0000000004f52000 JavaThread "Reference Handler" daemon [_thread_blocked, id=20128, stack(0x0000000019a30000,0x0000000019b30000)]
  0x0000000004e2d800 JavaThread "main" [_thread_blocked, id=21168, stack(0x0000000004d20000,0x0000000004e20000)]

Other Threads:
  0x0000000018897000 VMThread [stack: 0x0000000019930000,0x0000000019a30000] [id=30760]
  0x000000001a248800 WatcherThread [stack: 0x000000001a720000,0x000000001a820000] [id=104]

VM state:not at safepoint (normal execution)

VM Mutex/Monitor currently owned by a thread: None

Heap:
 PSYoungGen      total 152064K, used 98420K [0x00000000e0000000, 0x00000000eab80000, 0x0000000100000000)
  eden space 133120K, 73% used [0x00000000e0000000,0x00000000e601d3f0,0x00000000e8200000)
  from space 18944K, 0% used [0x00000000e8200000,0x00000000e8200000,0x00000000e9480000)
  to   space 14848K, 0% used [0x00000000e9480000,0x00000000e9480000,0x00000000ea300000)
 ParOldGen       total 61440K, used 34658K [0x00000000a0000000, 0x00000000a3c00000, 0x00000000e0000000)
  object space 61440K, 56% used [0x00000000a0000000,0x00000000a21d8b18,0x00000000a3c00000)
 Metaspace       used 62692K, capacity 64698K, committed 64856K, reserved 1105920K
  class space    used 8354K, capacity 8800K, committed 8832K, reserved 1048576K

Card table byte_map: [0x0000000014320000,0x0000000014630000] byte_map_base: 0x0000000013e20000

Marking Bits: (ParMarkBitMap*) 0x0000000051013950
 Begin Bits: [0x0000000014c30000, 0x0000000016430000)
 End Bits:   [0x0000000016430000, 0x0000000017c30000)

Polling page: 0x0000000003410000

CodeCache: size=245760Kb used=24575Kb max_used=24575Kb free=221184Kb
 bounds [0x0000000004f60000, 0x0000000006780000, 0x0000000013f60000]
 total_blobs=8696 nmethods=7903 adapters=705
 compilation: enabled

Compilation events (10 events):
Event: 49.926 Thread 0x00000000188d0000 nmethod 9049 0x0000000006748450 code [0x00000000067485c0, 0x00000000067487e8]
Event: 49.926 Thread 0x00000000188d0000 9050       2       com.android.dx.io.instructions.InstructionCodec$4::encode (25 bytes)
Event: 49.926 Thread 0x00000000188d0000 nmethod 9050 0x00000000067488d0 code [0x0000000006748a60, 0x0000000006748cd8]
Event: 49.926 Thread 0x00000000188d0000 9055       2       com.android.dx.merge.DexMerger::transformDebugInfoItem (313 bytes)
Event: 49.928 Thread 0x00000000188d0000 nmethod 9055 0x0000000006748f10 code [0x00000000067491e0, 0x00000000067499b8]
Event: 49.929 Thread 0x00000000188d0000 9057 %     3       com.android.dx.merge.InstructionTransformer::transform @ 61 (104 bytes)
Event: 49.930 Thread 0x00000000188d0000 nmethod 9057% 0x000000000674a950 code [0x000000000674ab80, 0x000000000674b908]
Event: 49.930 Thread 0x00000000188d0000 9058 %     3       com.android.dex.Dex$Section::write @ 8 (33 bytes)
Event: 49.931 Thread 0x00000000188d0000 nmethod 9058% 0x000000000674c290 code [0x000000000674c420, 0x000000000674c888]
Event: 49.931 Thread 0x00000000188d0000 9056   !   2       com.android.dx.io.instructions.DecodedInstruction::decodeAll (54 bytes)

GC Heap History (10 events):
Event: 12.201 GC heap before
{Heap before GC invocations=12 (full 2):
 PSYoungGen      total 103936K, used 93696K [0x00000000e0000000, 0x00000000e8b80000, 0x0000000100000000)
  eden space 93696K, 100% used [0x00000000e0000000,0x00000000e5b80000,0x00000000e5b80000)
  from space 10240K, 0% used [0x00000000e5b80000,0x00000000e5b80000,0x00000000e6580000)
  to   space 11264K, 0% used [0x00000000e8080000,0x00000000e8080000,0x00000000e8b80000)
 ParOldGen       total 61440K, used 15801K [0x00000000a0000000, 0x00000000a3c00000, 0x00000000e0000000)
  object space 61440K, 25% used [0x00000000a0000000,0x00000000a0f6e498,0x00000000a3c00000)
 Metaspace       used 40701K, capacity 41500K, committed 41816K, reserved 1085440K
  class space    used 5393K, capacity 5676K, committed 5760K, reserved 1048576K
Event: 12.222 GC heap after
Heap after GC invocations=12 (full 2):
 PSYoungGen      total 124416K, used 10190K [0x00000000e0000000, 0x00000000e8a80000, 0x0000000100000000)
  eden space 114176K, 0% used [0x00000000e0000000,0x00000000e0000000,0x00000000e6f80000)
  from space 10240K, 99% used [0x00000000e8080000,0x00000000e8a73940,0x00000000e8a80000)
  to   space 12800K, 0% used [0x00000000e7180000,0x00000000e7180000,0x00000000e7e00000)
 ParOldGen       total 61440K, used 15809K [0x00000000a0000000, 0x00000000a3c00000, 0x00000000e0000000)
  object space 61440K, 25% used [0x00000000a0000000,0x00000000a0f70498,0x00000000a3c00000)
 Metaspace       used 40701K, capacity 41500K, committed 41816K, reserved 1085440K
  class space    used 5393K, capacity 5676K, committed 5760K, reserved 1048576K
}
Event: 15.869 GC heap before
{Heap before GC invocations=13 (full 2):
 PSYoungGen      total 124416K, used 124366K [0x00000000e0000000, 0x00000000e8a80000, 0x0000000100000000)
  eden space 114176K, 100% used [0x00000000e0000000,0x00000000e6f80000,0x00000000e6f80000)
  from space 10240K, 99% used [0x00000000e8080000,0x00000000e8a73940,0x00000000e8a80000)
  to   space 12800K, 0% used [0x00000000e7180000,0x00000000e7180000,0x00000000e7e00000)
 ParOldGen       total 61440K, used 15809K [0x00000000a0000000, 0x00000000a3c00000, 0x00000000e0000000)
  object space 61440K, 25% used [0x00000000a0000000,0x00000000a0f70498,0x00000000a3c00000)
 Metaspace       used 46368K, capacity 47340K, committed 47448K, reserved 1089536K
  class space    used 6173K, capacity 6513K, committed 6528K, reserved 1048576K
Event: 15.891 GC heap after
Heap after GC invocations=13 (full 2):
 PSYoungGen      total 129024K, used 12776K [0x00000000e0000000, 0x00000000ea300000, 0x0000000100000000)
  eden space 116224K, 0% used [0x00000000e0000000,0x00000000e0000000,0x00000000e7180000)
  from space 12800K, 99% used [0x00000000e7180000,0x00000000e7dfa3d8,0x00000000e7e00000)
  to   space 14848K, 0% used [0x00000000e9480000,0x00000000e9480000,0x00000000ea300000)
 ParOldGen       total 61440K, used 17136K [0x00000000a0000000, 0x00000000a3c00000, 0x00000000e0000000)
  object space 61440K, 27% used [0x00000000a0000000,0x00000000a10bc0e0,0x00000000a3c00000)
 Metaspace       used 46368K, capacity 47340K, committed 47448K, reserved 1089536K
  class space    used 6173K, capacity 6513K, committed 6528K, reserved 1048576K
}
Event: 23.325 GC heap before
{Heap before GC invocations=14 (full 2):
 PSYoungGen      total 129024K, used 129000K [0x00000000e0000000, 0x00000000ea300000, 0x0000000100000000)
  eden space 116224K, 100% used [0x00000000e0000000,0x00000000e7180000,0x00000000e7180000)
  from space 12800K, 99% used [0x00000000e7180000,0x00000000e7dfa3d8,0x00000000e7e00000)
  to   space 14848K, 0% used [0x00000000e9480000,0x00000000e9480000,0x00000000ea300000)
 ParOldGen       total 61440K, used 17136K [0x00000000a0000000, 0x00000000a3c00000, 0x00000000e0000000)
  object space 61440K, 27% used [0x00000000a0000000,0x00000000a10bc0e0,0x00000000a3c00000)
 Metaspace       used 52840K, capacity 54520K, committed 54616K, reserved 1095680K
  class space    used 7124K, capacity 7543K, committed 7552K, reserved 1048576K
Event: 23.361 GC heap after
Heap after GC invocations=14 (full 2):
 PSYoungGen      total 147968K, used 14846K [0x00000000e0000000, 0x00000000eab80000, 0x0000000100000000)
  eden space 133120K, 0% used [0x00000000e0000000,0x00000000e0000000,0x00000000e8200000)
  from space 14848K, 99% used [0x00000000e9480000,0x00000000ea2ff9f0,0x00000000ea300000)
  to   space 18944K, 0% used [0x00000000e8200000,0x00000000e8200000,0x00000000e9480000)
 ParOldGen       total 61440K, used 22576K [0x00000000a0000000, 0x00000000a3c00000, 0x00000000e0000000)
  object space 61440K, 36% used [0x00000000a0000000,0x00000000a160c078,0x00000000a3c00000)
 Metaspace       used 52840K, capacity 54520K, committed 54616K, reserved 1095680K
  class space    used 7124K, capacity 7543K, committed 7552K, reserved 1048576K
}
Event: 42.450 GC heap before
{Heap before GC invocations=15 (full 2):
 PSYoungGen      total 147968K, used 82020K [0x00000000e0000000, 0x00000000eab80000, 0x0000000100000000)
  eden space 133120K, 50% used [0x00000000e0000000,0x00000000e41999b8,0x00000000e8200000)
  from space 14848K, 99% used [0x00000000e9480000,0x00000000ea2ff9f0,0x00000000ea300000)
  to   space 18944K, 0% used [0x00000000e8200000,0x00000000e8200000,0x00000000e9480000)
 ParOldGen       total 61440K, used 22576K [0x00000000a0000000, 0x00000000a3c00000, 0x00000000e0000000)
  object space 61440K, 36% used [0x00000000a0000000,0x00000000a160c078,0x00000000a3c00000)
 Metaspace       used 57067K, capacity 58860K, committed 59028K, reserved 1099776K
  class space    used 7698K, capacity 8135K, committed 8192K, reserved 1048576K
Event: 42.479 GC heap after
Heap after GC invocations=15 (full 2):
 PSYoungGen      total 152064K, used 18926K [0x00000000e0000000, 0x00000000eab80000, 0x0000000100000000)
  eden space 133120K, 0% used [0x00000000e0000000,0x00000000e0000000,0x00000000e8200000)
  from space 18944K, 99% used [0x00000000e8200000,0x00000000e947ba30,0x00000000e9480000)
  to   space 14848K, 0% used [0x00000000e9480000,0x00000000e9480000,0x00000000ea300000)
 ParOldGen       total 61440K, used 24290K [0x00000000a0000000, 0x00000000a3c00000, 0x00000000e0000000)
  object space 61440K, 39% used [0x00000000a0000000,0x00000000a17b8af8,0x00000000a3c00000)
 Metaspace       used 57067K, capacity 58860K, committed 59028K, reserved 1099776K
  class space    used 7698K, capacity 8135K, committed 8192K, reserved 1048576K
}
Event: 42.479 GC heap before
{Heap before GC invocations=16 (full 3):
 PSYoungGen      total 152064K, used 18926K [0x00000000e0000000, 0x00000000eab80000, 0x0000000100000000)
  eden space 133120K, 0% used [0x00000000e0000000,0x00000000e0000000,0x00000000e8200000)
  from space 18944K, 99% used [0x00000000e8200000,0x00000000e947ba30,0x00000000e9480000)
  to   space 14848K, 0% used [0x00000000e9480000,0x00000000e9480000,0x00000000ea300000)
 ParOldGen       total 61440K, used 24290K [0x00000000a0000000, 0x00000000a3c00000, 0x00000000e0000000)
  object space 61440K, 39% used [0x00000000a0000000,0x00000000a17b8af8,0x00000000a3c00000)
 Metaspace       used 57067K, capacity 58860K, committed 59028K, reserved 1099776K
  class space    used 7698K, capacity 8135K, committed 8192K, reserved 1048576K
Event: 42.814 GC heap after
Heap after GC invocations=16 (full 3):
 PSYoungGen      total 152064K, used 0K [0x00000000e0000000, 0x00000000eab80000, 0x0000000100000000)
  eden space 133120K, 0% used [0x00000000e0000000,0x00000000e0000000,0x00000000e8200000)
  from space 18944K, 0% used [0x00000000e8200000,0x00000000e8200000,0x00000000e9480000)
  to   space 14848K, 0% used [0x00000000e9480000,0x00000000e9480000,0x00000000ea300000)
 ParOldGen       total 61440K, used 34658K [0x00000000a0000000, 0x00000000a3c00000, 0x00000000e0000000)
  object space 61440K, 56% used [0x00000000a0000000,0x00000000a21d8b18,0x00000000a3c00000)
 Metaspace       used 57067K, capacity 58860K, committed 59028K, reserved 1099776K
  class space    used 7698K, capacity 8135K, committed 8192K, reserved 1048576K
}

Deoptimization events (10 events):
Event: 49.277 Thread 0x000000001b389000 Uncommon trap: reason=array_check action=maybe_recompile pc=0x00000000054f4f9c method=java.util.ComparableTimSort.binarySort([Ljava/lang/Object;III)V @ 183
Event: 49.774 Thread 0x00000000200e9000 Uncommon trap: reason=class_check action=maybe_recompile pc=0x0000000006678db0 method=com.android.dex.Leb128.readUnsignedLeb128(Lcom/android/dex/util/ByteInput;)I @ 5
Event: 49.774 Thread 0x00000000200e9000 Uncommon trap: reason=class_check action=maybe_recompile pc=0x0000000006678db0 method=com.android.dex.Leb128.readUnsignedLeb128(Lcom/android/dex/util/ByteInput;)I @ 5
Event: 49.774 Thread 0x00000000200e9000 Uncommon trap: reason=predicate action=maybe_recompile pc=0x0000000006682a08 method=com.android.dex.Leb128.writeUnsignedLeb128(Lcom/android/dex/util/ByteOutput;I)V @ 9
Event: 49.774 Thread 0x00000000200e9000 Uncommon trap: reason=class_check action=maybe_recompile pc=0x0000000006678db0 method=com.android.dex.Leb128.readUnsignedLeb128(Lcom/android/dex/util/ByteInput;)I @ 5
Event: 49.774 Thread 0x00000000200e9000 Uncommon trap: reason=class_check action=maybe_recompile pc=0x0000000006678db0 method=com.android.dex.Leb128.readUnsignedLeb128(Lcom/android/dex/util/ByteInput;)I @ 5
Event: 49.822 Thread 0x00000000200e9000 Uncommon trap: reason=unstable_if action=reinterpret pc=0x000000000590c438 method=java.util.HashMap.putVal(ILjava/lang/Object;Ljava/lang/Object;ZZ)Ljava/lang/Object; @ 162
Event: 49.833 Thread 0x00000000200e9000 Uncommon trap: reason=unstable_if action=reinterpret pc=0x00000000066f5a1c method=com.android.dex.EncodedValueCodec.readUnsignedInt(Lcom/android/dex/util/ByteInput;IZ)I @ 3
Event: 49.848 Thread 0x00000000200e9000 Uncommon trap: reason=predicate action=maybe_recompile pc=0x000000000660e998 method=java.util.TimSort.binarySort([Ljava/lang/Object;IIILjava/util/Comparator;)V @ 37
Event: 49.852 Thread 0x00000000200e9000 Uncommon trap: reason=unstable_if action=reinterpret pc=0x00000000062ffb70 method=java.util.Arrays$ArrayList.indexOf(Ljava/lang/Object;)I @ 6

Classes redefined (0 events):
No events

Internal exceptions (10 events):
Event: 30.097 Thread 0x00000000200e9000 Implicit null exception at 0x0000000005d0cf48 to 0x0000000005d0d0d5
Event: 39.940 Thread 0x00000000200f3800 Exception <a 'java/lang/NoSuchMethodError': java.lang.Object.lambda$comparingInt$7b0bb60$1(Ljava/util/function/ToIntFunction;Ljava/lang/Object;Ljava/lang/Object;)I> (0x00000000e1ec99f8) thrown at [D:\src\AOSP-openjdk-cygwin\jdk8u\hotspot\src\share\vm\inte
Event: 45.652 Thread 0x00000000200f3000 Exception <a 'java/lang/NoSuchMethodError': <clinit>> (0x00000000e1cc33e8) thrown at [D:\src\AOSP-openjdk-cygwin\jdk8u\hotspot\src\share\vm\prims\jni.cpp, line 1613]
Event: 46.745 Thread 0x000000001b389000 Exception <a 'java/lang/NoSuchMethodError': java.lang.Object.lambda$and$0(Ljava/util/function/Predicate;Ljava/lang/Object;)Z> (0x00000000e26b7b38) thrown at [D:\src\AOSP-openjdk-cygwin\jdk8u\hotspot\src\share\vm\interpreter\linkResolver.cpp, line 584]
Event: 46.745 Thread 0x000000001b384800 Exception <a 'java/lang/NoSuchMethodError': java.lang.Object.lambda$and$0(Ljava/util/function/Predicate;Ljava/lang/Object;)Z> (0x00000000e2751480) thrown at [D:\src\AOSP-openjdk-cygwin\jdk8u\hotspot\src\share\vm\interpreter\linkResolver.cpp, line 584]
Event: 46.746 Thread 0x000000001b388800 Exception <a 'java/lang/NoSuchMethodError': java.lang.Object.lambda$and$0(Ljava/util/function/Predicate;Ljava/lang/Object;)Z> (0x00000000e278d5e8) thrown at [D:\src\AOSP-openjdk-cygwin\jdk8u\hotspot\src\share\vm\interpreter\linkResolver.cpp, line 584]
Event: 46.747 Thread 0x00000000200e9000 Exception <a 'java/lang/NoSuchMethodError': java.lang.Object.lambda$and$0(Ljava/util/function/Predicate;Ljava/lang/Object;)Z> (0x00000000e263ac40) thrown at [D:\src\AOSP-openjdk-cygwin\jdk8u\hotspot\src\share\vm\interpreter\linkResolver.cpp, line 584]
Event: 46.768 Thread 0x000000001b388800 Exception <a 'java/lang/NoSuchMethodError': java.lang.Object.lambda$static$0(Ljava/lang/String;)Z> (0x00000000e278dbb0) thrown at [D:\src\AOSP-openjdk-cygwin\jdk8u\hotspot\src\share\vm\interpreter\linkResolver.cpp, line 584]
Event: 47.213 Thread 0x000000001b388800 Exception <a 'sun/nio/fs/WindowsException'> (0x00000000e30ac158) thrown at [D:\src\AOSP-openjdk-cygwin\jdk8u\hotspot\src\share\vm\prims\jni.cpp, line 709]
Event: 49.852 Thread 0x00000000200e9000 Implicit null exception at 0x00000000062ff8d0 to 0x00000000062ffb5d

Events (10 events):
Event: 49.886 loading class com/android/dx/io/instructions/SparseSwitchPayloadDecodedInstruction
Event: 49.886 loading class com/android/dx/io/instructions/SparseSwitchPayloadDecodedInstruction done
Event: 49.886 loading class com/android/dx/io/instructions/FillArrayDataPayloadDecodedInstruction
Event: 49.886 loading class com/android/dx/io/instructions/FillArrayDataPayloadDecodedInstruction done
Event: 49.887 loading class com/android/dx/io/IndexType
Event: 49.887 loading class com/android/dx/io/IndexType done
Event: 49.891 loading class com/android/dx/io/CodeReader$1
Event: 49.891 loading class com/android/dx/io/CodeReader$1 done
Event: 49.891 loading class com/android/dx/io/instructions/ShortArrayCodeOutput
Event: 49.891 loading class com/android/dx/io/instructions/ShortArrayCodeOutput done


Dynamic libraries:
0x00007ff7806e0000 - 0x00007ff780711000 	C:\Program Files\Android\Android Studio2\jre\bin\java.exe
0x00007ffc27f00000 - 0x00007ffc280e0000 	C:\WINDOWS\SYSTEM32\ntdll.dll
0x00007ffbfcb00000 - 0x00007ffbfcb34000 	C:\Program Files\AVAST Software\Avast\x64\aswhooka.dll
0x00007ffc26270000 - 0x00007ffc2631e000 	C:\WINDOWS\System32\KERNEL32.DLL
0x00007ffc24d40000 - 0x00007ffc24fa6000 	C:\WINDOWS\System32\KERNELBASE.dll
0x00007ffc254b0000 - 0x00007ffc25551000 	C:\WINDOWS\System32\ADVAPI32.dll
0x00007ffc25400000 - 0x00007ffc2549d000 	C:\WINDOWS\System32\msvcrt.dll
0x00007ffc279a0000 - 0x00007ffc279fb000 	C:\WINDOWS\System32\sechost.dll
0x00007ffc27880000 - 0x00007ffc2799f000 	C:\WINDOWS\System32\RPCRT4.dll
0x00007ffc255c0000 - 0x00007ffc2574f000 	C:\WINDOWS\System32\USER32.dll
0x00007ffc25300000 - 0x00007ffc25320000 	C:\WINDOWS\System32\win32u.dll
0x00007ffc27dc0000 - 0x00007ffc27de8000 	C:\WINDOWS\System32\GDI32.dll
0x00007ffc25160000 - 0x00007ffc252f3000 	C:\WINDOWS\System32\gdi32full.dll
0x00007ffc24a50000 - 0x00007ffc24aeb000 	C:\WINDOWS\System32\msvcp_win.dll
0x00007ffc25060000 - 0x00007ffc25156000 	C:\WINDOWS\System32\ucrtbase.dll
0x00007ffc1ab20000 - 0x00007ffc1ad89000 	C:\WINDOWS\WinSxS\amd64_microsoft.windows.common-controls_6595b64144ccf1df_6.0.16299.125_none_15cbcf8893620c09\COMCTL32.dll
0x00007ffc27a00000 - 0x00007ffc27d08000 	C:\WINDOWS\System32\combase.dll
0x00007ffc24cc0000 - 0x00007ffc24d32000 	C:\WINDOWS\System32\bcryptPrimitives.dll
0x00007ffc253d0000 - 0x00007ffc253fd000 	C:\WINDOWS\System32\IMM32.DLL
0x0000000051480000 - 0x0000000051552000 	C:\Program Files\Android\Android Studio2\jre\jre\bin\msvcr100.dll
0x0000000050850000 - 0x000000005108e000 	C:\Program Files\Android\Android Studio2\jre\jre\bin\server\jvm.dll
0x00007ffc254a0000 - 0x00007ffc254a8000 	C:\WINDOWS\System32\PSAPI.DLL
0x00007ffc1c930000 - 0x00007ffc1c939000 	C:\WINDOWS\SYSTEM32\WSOCK32.dll
0x00007ffc260f0000 - 0x00007ffc2615c000 	C:\WINDOWS\System32\WS2_32.dll
0x00007ffc22600000 - 0x00007ffc22623000 	C:\WINDOWS\SYSTEM32\WINMM.dll
0x00007ffc1c2a0000 - 0x00007ffc1c2aa000 	C:\WINDOWS\SYSTEM32\VERSION.dll
0x00007ffc225a0000 - 0x00007ffc225ca000 	C:\WINDOWS\SYSTEM32\WINMMBASE.dll
0x00007ffc24fb0000 - 0x00007ffc24ffa000 	C:\WINDOWS\System32\cfgmgr32.dll
0x00007ffc226c0000 - 0x00007ffc226cf000 	C:\Program Files\Android\Android Studio2\jre\jre\bin\verify.dll
0x00007ffc1c030000 - 0x00007ffc1c059000 	C:\Program Files\Android\Android Studio2\jre\jre\bin\java.dll
0x00007ffc1c010000 - 0x00007ffc1c026000 	C:\Program Files\Android\Android Studio2\jre\jre\bin\zip.dll
0x00007ffc26320000 - 0x00007ffc27756000 	C:\WINDOWS\System32\SHELL32.dll
0x00007ffc27d10000 - 0x00007ffc27db6000 	C:\WINDOWS\System32\shcore.dll
0x00007ffc24300000 - 0x00007ffc24a47000 	C:\WINDOWS\System32\windows.storage.dll
0x00007ffc25bc0000 - 0x00007ffc25c11000 	C:\WINDOWS\System32\shlwapi.dll
0x00007ffc242e0000 - 0x00007ffc242f1000 	C:\WINDOWS\System32\kernel.appcore.dll
0x00007ffc24270000 - 0x00007ffc242bc000 	C:\WINDOWS\System32\powrprof.dll
0x00007ffc24250000 - 0x00007ffc2426b000 	C:\WINDOWS\System32\profapi.dll
0x00007ffc1bd30000 - 0x00007ffc1bd4a000 	C:\Program Files\Android\Android Studio2\jre\jre\bin\net.dll
0x00007ffc23ae0000 - 0x00007ffc23b46000 	C:\WINDOWS\system32\mswsock.dll
0x00007ffc18b40000 - 0x00007ffc18b51000 	C:\Program Files\Android\Android Studio2\jre\jre\bin\nio.dll
0x00007ffc226a0000 - 0x00007ffc226be000 	C:\Users\mazher807\.gradle\native\25\windows-amd64\native-platform.dll
0x00007ffc18a80000 - 0x00007ffc18a8d000 	C:\Program Files\Android\Android Studio2\jre\jre\bin\management.dll
0x00007ffc23ca0000 - 0x00007ffc23cb7000 	C:\WINDOWS\SYSTEM32\CRYPTSP.dll
0x00007ffc236f0000 - 0x00007ffc23723000 	C:\WINDOWS\system32\rsaenh.dll
0x00007ffc23db0000 - 0x00007ffc23dd5000 	C:\WINDOWS\SYSTEM32\bcrypt.dll
0x00007ffc24180000 - 0x00007ffc241a9000 	C:\WINDOWS\SYSTEM32\USERENV.dll
0x00007ffc23cc0000 - 0x00007ffc23ccb000 	C:\WINDOWS\SYSTEM32\CRYPTBASE.dll
0x00007ffc23870000 - 0x00007ffc238a9000 	C:\WINDOWS\SYSTEM32\IPHLPAPI.DLL
0x00007ffc27ec0000 - 0x00007ffc27ec8000 	C:\WINDOWS\System32\NSI.dll
0x00007ffc1f290000 - 0x00007ffc1f2a6000 	C:\WINDOWS\SYSTEM32\dhcpcsvc6.DLL
0x00007ffc1f270000 - 0x00007ffc1f28a000 	C:\WINDOWS\SYSTEM32\dhcpcsvc.DLL

VM Arguments:
jvm_args: -Xmx1536m -Dfile.encoding=windows-1252 -Duser.country=IN -Duser.language=en -Duser.variant 
java_command: org.gradle.launcher.daemon.bootstrap.GradleDaemon 4.1
java_class_path (initial): C:\Users\mazher807\.gradle\wrapper\dists\gradle-4.1-all\bzyivzo6n839fup2jbap0tjew\gradle-4.1\lib\gradle-launcher-4.1.jar
Launcher Type: SUN_STANDARD

Environment Variables:
PATH=C:\ProgramData\Oracle\Java\javapath;C:\WINDOWS\system32;C:\WINDOWS;C:\WINDOWS\System32\Wbem;C:\WINDOWS\System32\WindowsPowerShell\v1.0\;C:\Program Files\dotnet\;C:\Program Files\Microsoft SQL Server\130\Tools\Binn\;C:\Program Files\Java\jdk-9.0.1\bin;%USERPROFILE%\AppData\Local\Microsoft\WindowsApps;
USERNAME=mazher807
OS=Windows_NT
PROCESSOR_IDENTIFIER=Intel64 Family 6 Model 61 Stepping 4, GenuineIntel



---------------  S Y S T E M  ---------------

OS: Windows 10.0 , 64 bit Build 16299 (10.0.16299.15)

CPU:total 4 (initial active 4) (2 cores per cpu, 2 threads per core) family 6 model 61 stepping 4, cmov, cx8, fxsr, mmx, sse, sse2, sse3, ssse3, sse4.1, sse4.2, popcnt, avx, avx2, aes, clmul, erms, 3dnowpref, lzcnt, ht, tsc, tscinvbit, bmi1, bmi2, adx

Memory: 4k page, physical 4112560k(347820k free), swap 16695472k(4204k free)

vm_info: OpenJDK 64-Bit Server VM (25.152-b01) for windows-amd64 JRE (1.8.0_152-release-915-b01), built by "builder" with MS VC++ 10.0 (VS2010)

time: Mon Feb 05 16:35:22 2018
elapsed time: 50 seconds (0d 0h 0m 50s)

