#
# There is insufficient memory for the Java Runtime Environment to continue.
# Native memory allocation (malloc) failed to allocate 808896 bytes for Chunk::new
# Possible reasons:
#   The system is out of physical RAM or swap space
#   In 32 bit mode, the process size limit was hit
# Possible solutions:
#   Reduce memory load on the system
#   Increase physical memory or swap space
#   Check if swap backing store is full
#   Use 64 bit Java on a 64 bit OS
#   Decrease Java heap size (-Xmx/-Xms)
#   Decrease number of Java threads
#   Decrease Java thread stack sizes (-Xss)
#   Set larger code cache with -XX:ReservedCodeCacheSize=
# This output file may be truncated or incomplete.
#
#  Out of Memory Error (allocation.cpp:390), pid=7032, tid=0x000000000000806c
#
# JRE version: OpenJDK Runtime Environment (8.0_152-b01) (build 1.8.0_152-release-915-b01)
# Java VM: OpenJDK 64-Bit Server VM (25.152-b01 mixed mode windows-amd64 compressed oops)
# Failed to write core dump. Minidumps are not enabled by default on client versions of Windows
#

---------------  T H R E A D  ---------------

Current thread (0x0000000018699000):  JavaThread "C2 CompilerThread0" daemon [_thread_in_native, id=32876, stack(0x0000000019cd0000,0x0000000019dd0000)]

Stack: [0x0000000019cd0000,0x0000000019dd0000]
[error occurred during error reporting (printing stack bounds), id 0xc0000005]

Native frames: (J=compiled Java code, j=interpreted, Vv=VM code, C=native code)


Current CompileTask:
C2:  35169 8742   !   4       java.lang.Class::getEnumConstantsShared (73 bytes)


---------------  P R O C E S S  ---------------

Java Threads: ( => current thread )
  0x000000001b327800 JavaThread "Cache worker for Java compile cache (E:\MobileTracking\.gradle\4.1\javaCompile)" [_thread_blocked, id=27420, stack(0x0000000025f80000,0x0000000026080000)]
  0x000000001b326800 JavaThread "Task worker for ':' Thread 3" [_thread_blocked, id=18976, stack(0x0000000024f80000,0x0000000025080000)]
  0x000000001b32c800 JavaThread "Task worker for ':' Thread 2" [_thread_in_native, id=25452, stack(0x0000000024e80000,0x0000000024f80000)]
  0x000000001b328000 JavaThread "Task worker for ':'" [_thread_blocked, id=8104, stack(0x0000000024d80000,0x0000000024e80000)]
  0x000000001b32c000 JavaThread "Cache worker for task history cache (E:\MobileTracking\.gradle\4.1\taskHistory)" [_thread_blocked, id=32748, stack(0x0000000024c80000,0x0000000024d80000)]
  0x000000001b32d800 JavaThread "Cache worker for file content cache (E:\MobileTracking\.gradle\4.1\fileContent)" [_thread_blocked, id=33032, stack(0x00000000246e0000,0x00000000247e0000)]
  0x000000001b325800 JavaThread "Memory manager" [_thread_blocked, id=32396, stack(0x0000000023be0000,0x0000000023ce0000)]
  0x000000001b1e5800 JavaThread "build operations Thread 4" [_thread_blocked, id=7024, stack(0x00000000236e0000,0x00000000237e0000)]
  0x000000001b1e5000 JavaThread "build operations Thread 3" [_thread_blocked, id=24048, stack(0x0000000023310000,0x0000000023410000)]
  0x000000001b1e1000 JavaThread "build operations Thread 2" [_thread_blocked, id=11544, stack(0x0000000023210000,0x0000000023310000)]
  0x000000001b1e4000 JavaThread "build operations" [_thread_blocked, id=16412, stack(0x0000000023010000,0x0000000023110000)]
  0x000000001b1e3800 JavaThread "Cache worker for Artifact transforms cache (C:\Users\mazher807\.gradle\caches\transforms-1)" [_thread_blocked, id=20208, stack(0x0000000021910000,0x0000000021a10000)]
  0x000000001c02d800 JavaThread "Cache worker for file hash cache (E:\MobileTracking\.gradle\4.1\fileHashes)" [_thread_blocked, id=18304, stack(0x000000001e1f0000,0x000000001e2f0000)]
  0x000000001bbb8000 JavaThread "File lock request listener" [_thread_in_native, id=29984, stack(0x000000001def0000,0x000000001dff0000)]
  0x000000001bad6000 JavaThread "Cache worker for file hash cache (C:\Users\mazher807\.gradle\caches\4.1\fileHashes)" [_thread_blocked, id=13652, stack(0x000000001ddf0000,0x000000001def0000)]
  0x000000001b3dd000 JavaThread "Stdin handler" [_thread_blocked, id=13776, stack(0x000000001dcf0000,0x000000001ddf0000)]
  0x000000001b3dc000 JavaThread "Asynchronous log dispatcher for DefaultDaemonConnection: socket connection from /127.0.0.1:62681 to /127.0.0.1:62682" [_thread_blocked, id=3732, stack(0x000000001dbf0000,0x000000001dcf0000)]
  0x000000001b5c4800 JavaThread "Daemon worker" [_thread_blocked, id=33080, stack(0x000000001daf0000,0x000000001dbf0000)]
  0x000000001bd5b000 JavaThread "Cancel handler" [_thread_blocked, id=8488, stack(0x000000001d9f0000,0x000000001daf0000)]
  0x000000001b5ff800 JavaThread "Handler for socket connection from /127.0.0.1:62681 to /127.0.0.1:62682" [_thread_in_native, id=27004, stack(0x000000001d6f0000,0x000000001d7f0000)]
  0x000000001b5ff000 JavaThread "Daemon" [_thread_blocked, id=32008, stack(0x000000001d5f0000,0x000000001d6f0000)]
  0x000000001b89e800 JavaThread "Daemon periodic checks" [_thread_blocked, id=30904, stack(0x000000001d4f0000,0x000000001d5f0000)]
  0x000000001b6db800 JavaThread "Incoming local TCP Connector on port 62681" [_thread_in_native, id=33624, stack(0x000000001d2b0000,0x000000001d3b0000)]
  0x0000000019ff0800 JavaThread "Service Thread" daemon [_thread_blocked, id=32452, stack(0x000000001a3d0000,0x000000001a4d0000)]
  0x0000000018690000 JavaThread "C1 CompilerThread2" daemon [_thread_blocked, id=4140, stack(0x0000000019ed0000,0x0000000019fd0000)]
  0x000000001868a000 JavaThread "C2 CompilerThread1" daemon [_thread_in_native, id=28320, stack(0x0000000019dd0000,0x0000000019ed0000)]
=>0x0000000018699000 JavaThread "C2 CompilerThread0" daemon [_thread_in_native, id=32876, stack(0x0000000019cd0000,0x0000000019dd0000)]
  0x0000000018698000 JavaThread "Attach Listener" daemon [_thread_blocked, id=33508, stack(0x0000000019bd0000,0x0000000019cd0000)]
  0x0000000018695000 JavaThread "Signal Dispatcher" daemon [_thread_blocked, id=26464, stack(0x0000000019ad0000,0x0000000019bd0000)]
  0x0000000004c2c000 JavaThread "Finalizer" daemon [_thread_blocked, id=32092, stack(0x00000000198e0000,0x00000000199e0000)]
  0x0000000004c20800 JavaThread "Reference Handler" daemon [_thread_blocked, id=31536, stack(0x00000000197e0000,0x00000000198e0000)]
  0x0000000004d1d800 JavaThread "main" [_thread_blocked, id=24088, stack(0x0000000003280000,0x0000000003380000)]

Other Threads:
  0x0000000018656800 VMThread [stack: 0x00000000196e0000,0x00000000197e0000] [id=27572]
  0x00000000186a7800 WatcherThread [stack: 0x000000001a4d0000,0x000000001a5d0000] [id=31412]

VM state:not at safepoint (normal execution)

VM Mutex/Monitor currently owned by a thread: None

Heap:
 PSYoungGen      total 130560K, used 58146K [0x00000000e0000000, 0x00000000e9100000, 0x0000000100000000)
  eden space 116736K, 49% used [0x00000000e0000000,0x00000000e38c8808,0x00000000e7200000)
  from space 13824K, 0% used [0x00000000e8380000,0x00000000e8380000,0x00000000e9100000)
  to   space 15872K, 0% used [0x00000000e7200000,0x00000000e7200000,0x00000000e8180000)
 ParOldGen       total 96768K, used 34863K [0x00000000a0000000, 0x00000000a5e80000, 0x00000000e0000000)
  object space 96768K, 36% used [0x00000000a0000000,0x00000000a220bf28,0x00000000a5e80000)
 Metaspace       used 60019K, capacity 61994K, committed 62296K, reserved 1103872K
  class space    used 7980K, capacity 8454K, committed 8576K, reserved 1048576K

Card table byte_map: [0x00000000140e0000,0x00000000143f0000] byte_map_base: 0x0000000013be0000

Marking Bits: (ParMarkBitMap*) 0x0000000051013950
 Begin Bits: [0x00000000149f0000, 0x00000000161f0000)
 End Bits:   [0x00000000161f0000, 0x00000000179f0000)

Polling page: 0x0000000003070000

CodeCache: size=245760Kb used=25124Kb max_used=25124Kb free=220635Kb
 bounds [0x0000000004d20000, 0x00000000065d0000, 0x0000000013d20000]
 total_blobs=8398 nmethods=7618 adapters=692
 compilation: enabled

Compilation events (10 events):
Event: 35.049 Thread 0x0000000018690000 8746       3       com.sun.tools.javac.comp.Env::dup (10 bytes)
Event: 35.049 Thread 0x0000000018690000 nmethod 8746 0x00000000065b8f50 code [0x00000000065b90c0, 0x00000000065b9438]
Event: 35.050 Thread 0x0000000018690000 8747       3       com.sun.tools.javac.comp.MemberEnter::initEnv (137 bytes)
Event: 35.051 Thread 0x0000000018690000 nmethod 8747 0x00000000065b9590 code [0x00000000065b97a0, 0x00000000065ba388]
Event: 35.098 Thread 0x0000000018690000 8749       3       com.sun.tools.javac.tree.JCTree$JCNewArray::accept (6 bytes)
Event: 35.099 Thread 0x0000000018690000 nmethod 8749 0x00000000065ba910 code [0x00000000065baa80, 0x00000000065baca8]
Event: 35.103 Thread 0x0000000018690000 8751       3       com.sun.tools.javac.tree.TreeInfo::isSyntheticInit (114 bytes)
Event: 35.104 Thread 0x0000000018690000 nmethod 8751 0x00000000065bad90 code [0x00000000065bafa0, 0x00000000065bbc88]
Event: 35.111 Thread 0x0000000018690000 8752       3       com.sun.tools.javac.util.Bits::dupBits (43 bytes)
Event: 35.112 Thread 0x0000000018690000 nmethod 8752 0x00000000065bc0d0 code [0x00000000065bc240, 0x00000000065bc528]

GC Heap History (10 events):
Event: 13.380 GC heap before
{Heap before GC invocations=15 (full 2):
 PSYoungGen      total 86016K, used 85890K [0x00000000e0000000, 0x00000000e6080000, 0x0000000100000000)
  eden space 80384K, 100% used [0x00000000e0000000,0x00000000e4e80000,0x00000000e4e80000)
  from space 5632K, 97% used [0x00000000e5b00000,0x00000000e60608c8,0x00000000e6080000)
  to   space 9216K, 0% used [0x00000000e4e80000,0x00000000e4e80000,0x00000000e5780000)
 ParOldGen       total 58880K, used 15787K [0x00000000a0000000, 0x00000000a3980000, 0x00000000e0000000)
  object space 58880K, 26% used [0x00000000a0000000,0x00000000a0f6aed8,0x00000000a3980000)
 Metaspace       used 46022K, capacity 46968K, committed 47192K, reserved 1089536K
  class space    used 6156K, capacity 6503K, committed 6528K, reserved 1048576K
Event: 13.398 GC heap after
Heap after GC invocations=15 (full 2):
 PSYoungGen      total 89600K, used 9189K [0x00000000e0000000, 0x00000000e7680000, 0x0000000100000000)
  eden space 80384K, 0% used [0x00000000e0000000,0x00000000e0000000,0x00000000e4e80000)
  from space 9216K, 99% used [0x00000000e4e80000,0x00000000e5779600,0x00000000e5780000)
  to   space 11264K, 0% used [0x00000000e6b80000,0x00000000e6b80000,0x00000000e7680000)
 ParOldGen       total 58880K, used 18635K [0x00000000a0000000, 0x00000000a3980000, 0x00000000e0000000)
  object space 58880K, 31% used [0x00000000a0000000,0x00000000a1232f20,0x00000000a3980000)
 Metaspace       used 46022K, capacity 46968K, committed 47192K, reserved 1089536K
  class space    used 6156K, capacity 6503K, committed 6528K, reserved 1048576K
}
Event: 14.484 GC heap before
{Heap before GC invocations=16 (full 2):
 PSYoungGen      total 89600K, used 89573K [0x00000000e0000000, 0x00000000e7680000, 0x0000000100000000)
  eden space 80384K, 100% used [0x00000000e0000000,0x00000000e4e80000,0x00000000e4e80000)
  from space 9216K, 99% used [0x00000000e4e80000,0x00000000e5779600,0x00000000e5780000)
  to   space 11264K, 0% used [0x00000000e6b80000,0x00000000e6b80000,0x00000000e7680000)
 ParOldGen       total 58880K, used 18635K [0x00000000a0000000, 0x00000000a3980000, 0x00000000e0000000)
  object space 58880K, 31% used [0x00000000a0000000,0x00000000a1232f20,0x00000000a3980000)
 Metaspace       used 47761K, capacity 48916K, committed 49240K, reserved 1091584K
  class space    used 6348K, capacity 6701K, committed 6784K, reserved 1048576K
Event: 14.503 GC heap after
Heap after GC invocations=16 (full 2):
 PSYoungGen      total 107520K, used 11245K [0x00000000e0000000, 0x00000000e7c80000, 0x0000000100000000)
  eden space 96256K, 0% used [0x00000000e0000000,0x00000000e0000000,0x00000000e5e00000)
  from space 11264K, 99% used [0x00000000e6b80000,0x00000000e767b578,0x00000000e7680000)
  to   space 13824K, 0% used [0x00000000e5e00000,0x00000000e5e00000,0x00000000e6b80000)
 ParOldGen       total 58880K, used 20860K [0x00000000a0000000, 0x00000000a3980000, 0x00000000e0000000)
  object space 58880K, 35% used [0x00000000a0000000,0x00000000a145f350,0x00000000a3980000)
 Metaspace       used 47761K, capacity 48916K, committed 49240K, reserved 1091584K
  class space    used 6348K, capacity 6701K, committed 6784K, reserved 1048576K
}
Event: 17.116 GC heap before
{Heap before GC invocations=17 (full 2):
 PSYoungGen      total 107520K, used 107501K [0x00000000e0000000, 0x00000000e7c80000, 0x0000000100000000)
  eden space 96256K, 100% used [0x00000000e0000000,0x00000000e5e00000,0x00000000e5e00000)
  from space 11264K, 99% used [0x00000000e6b80000,0x00000000e767b578,0x00000000e7680000)
  to   space 13824K, 0% used [0x00000000e5e00000,0x00000000e5e00000,0x00000000e6b80000)
 ParOldGen       total 58880K, used 20860K [0x00000000a0000000, 0x00000000a3980000, 0x00000000e0000000)
  object space 58880K, 35% used [0x00000000a0000000,0x00000000a145f350,0x00000000a3980000)
 Metaspace       used 52834K, capacity 54442K, committed 54616K, reserved 1095680K
  class space    used 7121K, capacity 7540K, committed 7552K, reserved 1048576K
Event: 17.156 GC heap after
Heap after GC invocations=17 (full 2):
 PSYoungGen      total 110080K, used 10386K [0x00000000e0000000, 0x00000000e9180000, 0x0000000100000000)
  eden space 96256K, 0% used [0x00000000e0000000,0x00000000e0000000,0x00000000e5e00000)
  from space 13824K, 75% used [0x00000000e5e00000,0x00000000e6824be0,0x00000000e6b80000)
  to   space 14336K, 0% used [0x00000000e8380000,0x00000000e8380000,0x00000000e9180000)
 ParOldGen       total 58880K, used 29477K [0x00000000a0000000, 0x00000000a3980000, 0x00000000e0000000)
  object space 58880K, 50% used [0x00000000a0000000,0x00000000a1cc9428,0x00000000a3980000)
 Metaspace       used 52834K, capacity 54442K, committed 54616K, reserved 1095680K
  class space    used 7121K, capacity 7540K, committed 7552K, reserved 1048576K
}
Event: 30.914 GC heap before
{Heap before GC invocations=18 (full 2):
 PSYoungGen      total 110080K, used 76471K [0x00000000e0000000, 0x00000000e9180000, 0x0000000100000000)
  eden space 96256K, 68% used [0x00000000e0000000,0x00000000e4089138,0x00000000e5e00000)
  from space 13824K, 75% used [0x00000000e5e00000,0x00000000e6824be0,0x00000000e6b80000)
  to   space 14336K, 0% used [0x00000000e8380000,0x00000000e8380000,0x00000000e9180000)
 ParOldGen       total 58880K, used 29477K [0x00000000a0000000, 0x00000000a3980000, 0x00000000e0000000)
  object space 58880K, 50% used [0x00000000a0000000,0x00000000a1cc9428,0x00000000a3980000)
 Metaspace       used 57020K, capacity 58922K, committed 59028K, reserved 1099776K
  class space    used 7683K, capacity 8134K, committed 8192K, reserved 1048576K
Event: 30.936 GC heap after
Heap after GC invocations=18 (full 2):
 PSYoungGen      total 130560K, used 13428K [0x00000000e0000000, 0x00000000e9100000, 0x0000000100000000)
  eden space 116736K, 0% used [0x00000000e0000000,0x00000000e0000000,0x00000000e7200000)
  from space 13824K, 97% used [0x00000000e8380000,0x00000000e909d1d8,0x00000000e9100000)
  to   space 15872K, 0% used [0x00000000e7200000,0x00000000e7200000,0x00000000e8180000)
 ParOldGen       total 58880K, used 29485K [0x00000000a0000000, 0x00000000a3980000, 0x00000000e0000000)
  object space 58880K, 50% used [0x00000000a0000000,0x00000000a1ccb428,0x00000000a3980000)
 Metaspace       used 57020K, capacity 58922K, committed 59028K, reserved 1099776K
  class space    used 7683K, capacity 8134K, committed 8192K, reserved 1048576K
}
Event: 30.936 GC heap before
{Heap before GC invocations=19 (full 3):
 PSYoungGen      total 130560K, used 13428K [0x00000000e0000000, 0x00000000e9100000, 0x0000000100000000)
  eden space 116736K, 0% used [0x00000000e0000000,0x00000000e0000000,0x00000000e7200000)
  from space 13824K, 97% used [0x00000000e8380000,0x00000000e909d1d8,0x00000000e9100000)
  to   space 15872K, 0% used [0x00000000e7200000,0x00000000e7200000,0x00000000e8180000)
 ParOldGen       total 58880K, used 29485K [0x00000000a0000000, 0x00000000a3980000, 0x00000000e0000000)
  object space 58880K, 50% used [0x00000000a0000000,0x00000000a1ccb428,0x00000000a3980000)
 Metaspace       used 57020K, capacity 58922K, committed 59028K, reserved 1099776K
  class space    used 7683K, capacity 8134K, committed 8192K, reserved 1048576K
Event: 31.312 GC heap after
Heap after GC invocations=19 (full 3):
 PSYoungGen      total 130560K, used 0K [0x00000000e0000000, 0x00000000e9100000, 0x0000000100000000)
  eden space 116736K, 0% used [0x00000000e0000000,0x00000000e0000000,0x00000000e7200000)
  from space 13824K, 0% used [0x00000000e8380000,0x00000000e8380000,0x00000000e9100000)
  to   space 15872K, 0% used [0x00000000e7200000,0x00000000e7200000,0x00000000e8180000)
 ParOldGen       total 96768K, used 34863K [0x00000000a0000000, 0x00000000a5e80000, 0x00000000e0000000)
  object space 96768K, 36% used [0x00000000a0000000,0x00000000a220bf28,0x00000000a5e80000)
 Metaspace       used 57020K, capacity 58922K, committed 59028K, reserved 1099776K
  class space    used 7683K, capacity 8134K, committed 8192K, reserved 1048576K
}

Deoptimization events (10 events):
Event: 34.148 Thread 0x000000001b32c800 Uncommon trap: reason=unstable_if action=reinterpret pc=0x0000000006381a60 method=com.sun.tools.javac.code.Scope.enter(Lcom/sun/tools/javac/code/Symbol;Lcom/sun/tools/javac/code/Scope;Lcom/sun/tools/javac/code/Scope;Z)V @ 116
Event: 34.209 Thread 0x000000001b32c800 Uncommon trap: reason=unstable_if action=reinterpret pc=0x00000000064878e8 method=com.sun.tools.javac.code.Type.map(Lcom/sun/tools/javac/util/List;Lcom/sun/tools/javac/code/Type$Mapping;)Lcom/sun/tools/javac/util/List; @ 33
Event: 34.295 Thread 0x000000001b32c800 Uncommon trap: reason=class_check action=maybe_recompile pc=0x00000000064b0e84 method=com.sun.tools.javac.code.Types$14.visitClassType(Lcom/sun/tools/javac/code/Type$ClassType;Ljava/lang/Object;)Ljava/lang/Object; @ 3
Event: 34.295 Thread 0x000000001b32c800 Uncommon trap: reason=class_check action=maybe_recompile pc=0x00000000064b6f1c method=com.sun.tools.javac.code.Types$14.visitClassType(Lcom/sun/tools/javac/code/Type$ClassType;Lcom/sun/tools/javac/code/Symbol;)Lcom/sun/tools/javac/code/Type; @ 6
Event: 34.298 Thread 0x000000001b32c800 Uncommon trap: reason=class_check action=maybe_recompile pc=0x00000000064b0e84 method=com.sun.tools.javac.code.Types$14.visitClassType(Lcom/sun/tools/javac/code/Type$ClassType;Ljava/lang/Object;)Ljava/lang/Object; @ 3
Event: 34.298 Thread 0x000000001b32c800 Uncommon trap: reason=class_check action=maybe_recompile pc=0x00000000064b6f1c method=com.sun.tools.javac.code.Types$14.visitClassType(Lcom/sun/tools/javac/code/Type$ClassType;Lcom/sun/tools/javac/code/Symbol;)Lcom/sun/tools/javac/code/Type; @ 6
Event: 34.634 Thread 0x000000001b32c800 Uncommon trap: reason=bimorphic action=maybe_recompile pc=0x00000000064a8d9c method=com.sun.tools.javac.code.Type$ClassType.isParameterized()Z @ 1
Event: 34.635 Thread 0x000000001b32c800 Uncommon trap: reason=bimorphic action=maybe_recompile pc=0x00000000064a8d9c method=com.sun.tools.javac.code.Type$ClassType.isParameterized()Z @ 1
Event: 34.635 Thread 0x000000001b32c800 Uncommon trap: reason=bimorphic action=maybe_recompile pc=0x00000000064a8d9c method=com.sun.tools.javac.code.Type$ClassType.isParameterized()Z @ 1
Event: 34.649 Thread 0x000000001b32c800 Uncommon trap: reason=unstable_if action=reinterpret pc=0x0000000006329518 method=com.sun.tools.javac.util.ListBuffer.append(Ljava/lang/Object;)Lcom/sun/tools/javac/util/ListBuffer; @ 9

Classes redefined (0 events):
No events

Internal exceptions (10 events):
Event: 15.770 Thread 0x000000001b32c800 Exception <a 'java/lang/NoSuchMethodError': <clinit>> (0x00000000e3700cd8) thrown at [D:\src\AOSP-openjdk-cygwin\jdk8u\hotspot\src\share\vm\prims\jni.cpp, line 1613]
Event: 15.802 Thread 0x000000001b32c800 Exception <a 'java/lang/NoSuchMethodError': <clinit>> (0x00000000e3805f38) thrown at [D:\src\AOSP-openjdk-cygwin\jdk8u\hotspot\src\share\vm\prims\jni.cpp, line 1613]
Event: 15.804 Thread 0x000000001b32c800 Exception <a 'java/lang/NoSuchMethodError': <clinit>> (0x00000000e3818d40) thrown at [D:\src\AOSP-openjdk-cygwin\jdk8u\hotspot\src\share\vm\prims\jni.cpp, line 1613]
Event: 15.806 Thread 0x000000001b32c800 Exception <a 'java/lang/NoSuchMethodError': <clinit>> (0x00000000e381a5f0) thrown at [D:\src\AOSP-openjdk-cygwin\jdk8u\hotspot\src\share\vm\prims\jni.cpp, line 1613]
Event: 16.087 Thread 0x000000001b1e5800 Implicit null exception at 0x00000000052928b0 to 0x0000000005292b65
Event: 17.292 Thread 0x000000001b32c800 Exception <a 'java/lang/NoSuchMethodError': <clinit>> (0x00000000e0416d60) thrown at [D:\src\AOSP-openjdk-cygwin\jdk8u\hotspot\src\share\vm\prims\jni.cpp, line 1613]
Event: 17.293 Thread 0x000000001b32c800 Exception <a 'java/lang/NoSuchMethodError': <clinit>> (0x00000000e04201d0) thrown at [D:\src\AOSP-openjdk-cygwin\jdk8u\hotspot\src\share\vm\prims\jni.cpp, line 1613]
Event: 17.671 Thread 0x000000001b32c800 Exception <a 'java/lang/IncompatibleClassChangeError': Found class java.lang.Object, but interface was expected> (0x00000000e117f560) thrown at [D:\src\AOSP-openjdk-cygwin\jdk8u\hotspot\src\share\vm\interpreter\linkResolver.cpp, line 643]
Event: 18.115 Thread 0x000000001b329800 Exception <a 'java/lang/NoSuchMethodError': java.lang.Object.lambda$negate$1(Ljava/lang/Object;)Z> (0x00000000e1a57580) thrown at [D:\src\AOSP-openjdk-cygwin\jdk8u\hotspot\src\share\vm\interpreter\linkResolver.cpp, line 584]
Event: 23.686 Thread 0x000000001b32c800 Exception <a 'java/lang/NoSuchMethodError': java.lang.Object.lambda$comparingInt$7b0bb60$1(Ljava/util/function/ToIntFunction;Ljava/lang/Object;Ljava/lang/Object;)I> (0x00000000e1d946c0) thrown at [D:\src\AOSP-openjdk-cygwin\jdk8u\hotspot\src\share\vm\inte

Events (10 events):
Event: 34.635 Thread 0x000000001b32c800 Uncommon trap: trap_request=0xffffffc6 fr.pc=0x00000000064a8d9c
Event: 34.635 Thread 0x000000001b32c800 DEOPT PACKING pc=0x00000000064a8d9c sp=0x0000000024f7a4b0
Event: 34.635 Thread 0x000000001b32c800 DEOPT UNPACKING pc=0x0000000004d6556a sp=0x0000000024f7a478 mode 2
Event: 34.649 Thread 0x000000001b32c800 Uncommon trap: trap_request=0xffffff65 fr.pc=0x0000000006329518
Event: 34.649 Thread 0x000000001b32c800 DEOPT PACKING pc=0x0000000006329518 sp=0x0000000024f7c5e0
Event: 34.649 Thread 0x000000001b32c800 DEOPT UNPACKING pc=0x0000000004d6556a sp=0x0000000024f7c580 mode 2
Event: 34.699 Thread 0x000000001b32c800 DEOPT PACKING pc=0x0000000004f20368 sp=0x0000000024f7c610
Event: 34.699 Thread 0x000000001b32c800 DEOPT UNPACKING pc=0x0000000004d675bf sp=0x0000000024f7c460 mode 0
Event: 34.911 Executing VM operation: ForceSafepoint
Event: 34.911 Executing VM operation: ForceSafepoint done


Dynamic libraries:
0x00007ff7806e0000 - 0x00007ff780711000 	C:\Program Files\Android\Android Studio2\jre\bin\java.exe
0x00007ffc27f00000 - 0x00007ffc280e0000 	C:\WINDOWS\SYSTEM32\ntdll.dll
0x00007ffbfcb00000 - 0x00007ffbfcb34000 	C:\Program Files\AVAST Software\Avast\x64\aswhooka.dll
0x00007ffc26270000 - 0x00007ffc2631e000 	C:\WINDOWS\System32\KERNEL32.DLL
0x00007ffc24d40000 - 0x00007ffc24fa6000 	C:\WINDOWS\System32\KERNELBASE.dll
0x00007ffc254b0000 - 0x00007ffc25551000 	C:\WINDOWS\System32\ADVAPI32.dll
0x00007ffc25400000 - 0x00007ffc2549d000 	C:\WINDOWS\System32\msvcrt.dll
0x00007ffc279a0000 - 0x00007ffc279fb000 	C:\WINDOWS\System32\sechost.dll
0x00007ffc27880000 - 0x00007ffc2799f000 	C:\WINDOWS\System32\RPCRT4.dll
0x00007ffc255c0000 - 0x00007ffc2574f000 	C:\WINDOWS\System32\USER32.dll
0x00007ffc25300000 - 0x00007ffc25320000 	C:\WINDOWS\System32\win32u.dll
0x00007ffc27dc0000 - 0x00007ffc27de8000 	C:\WINDOWS\System32\GDI32.dll
0x00007ffc25160000 - 0x00007ffc252f3000 	C:\WINDOWS\System32\gdi32full.dll
0x00007ffc24a50000 - 0x00007ffc24aeb000 	C:\WINDOWS\System32\msvcp_win.dll
0x00007ffc25060000 - 0x00007ffc25156000 	C:\WINDOWS\System32\ucrtbase.dll
0x00007ffc1ab20000 - 0x00007ffc1ad89000 	C:\WINDOWS\WinSxS\amd64_microsoft.windows.common-controls_6595b64144ccf1df_6.0.16299.125_none_15cbcf8893620c09\COMCTL32.dll
0x00007ffc27a00000 - 0x00007ffc27d08000 	C:\WINDOWS\System32\combase.dll
0x00007ffc24cc0000 - 0x00007ffc24d32000 	C:\WINDOWS\System32\bcryptPrimitives.dll
0x00007ffc253d0000 - 0x00007ffc253fd000 	C:\WINDOWS\System32\IMM32.DLL
0x0000000051480000 - 0x0000000051552000 	C:\Program Files\Android\Android Studio2\jre\jre\bin\msvcr100.dll
0x0000000050850000 - 0x000000005108e000 	C:\Program Files\Android\Android Studio2\jre\jre\bin\server\jvm.dll
0x00007ffc254a0000 - 0x00007ffc254a8000 	C:\WINDOWS\System32\PSAPI.DLL
0x00007ffc1c930000 - 0x00007ffc1c939000 	C:\WINDOWS\SYSTEM32\WSOCK32.dll
0x00007ffc260f0000 - 0x00007ffc2615c000 	C:\WINDOWS\System32\WS2_32.dll
0x00007ffc22600000 - 0x00007ffc22623000 	C:\WINDOWS\SYSTEM32\WINMM.dll
0x00007ffc1c2a0000 - 0x00007ffc1c2aa000 	C:\WINDOWS\SYSTEM32\VERSION.dll
0x00007ffc225a0000 - 0x00007ffc225ca000 	C:\WINDOWS\SYSTEM32\WINMMBASE.dll
0x00007ffc24fb0000 - 0x00007ffc24ffa000 	C:\WINDOWS\System32\cfgmgr32.dll
0x00007ffc226c0000 - 0x00007ffc226cf000 	C:\Program Files\Android\Android Studio2\jre\jre\bin\verify.dll
0x00007ffc1c030000 - 0x00007ffc1c059000 	C:\Program Files\Android\Android Studio2\jre\jre\bin\java.dll
0x00007ffc1c010000 - 0x00007ffc1c026000 	C:\Program Files\Android\Android Studio2\jre\jre\bin\zip.dll
0x00007ffc26320000 - 0x00007ffc27756000 	C:\WINDOWS\System32\SHELL32.dll
0x00007ffc27d10000 - 0x00007ffc27db6000 	C:\WINDOWS\System32\shcore.dll
0x00007ffc24300000 - 0x00007ffc24a47000 	C:\WINDOWS\System32\windows.storage.dll
0x00007ffc25bc0000 - 0x00007ffc25c11000 	C:\WINDOWS\System32\shlwapi.dll
0x00007ffc242e0000 - 0x00007ffc242f1000 	C:\WINDOWS\System32\kernel.appcore.dll
0x00007ffc24270000 - 0x00007ffc242bc000 	C:\WINDOWS\System32\powrprof.dll
0x00007ffc24250000 - 0x00007ffc2426b000 	C:\WINDOWS\System32\profapi.dll
0x00007ffc1bd30000 - 0x00007ffc1bd4a000 	C:\Program Files\Android\Android Studio2\jre\jre\bin\net.dll
0x00007ffc23ae0000 - 0x00007ffc23b46000 	C:\WINDOWS\system32\mswsock.dll
0x00007ffc18b40000 - 0x00007ffc18b51000 	C:\Program Files\Android\Android Studio2\jre\jre\bin\nio.dll
0x00007ffc226a0000 - 0x00007ffc226be000 	C:\Users\mazher807\.gradle\native\25\windows-amd64\native-platform.dll
0x00007ffc18a80000 - 0x00007ffc18a8d000 	C:\Program Files\Android\Android Studio2\jre\jre\bin\management.dll
0x00007ffc23ca0000 - 0x00007ffc23cb7000 	C:\WINDOWS\SYSTEM32\CRYPTSP.dll
0x00007ffc236f0000 - 0x00007ffc23723000 	C:\WINDOWS\system32\rsaenh.dll
0x00007ffc23db0000 - 0x00007ffc23dd5000 	C:\WINDOWS\SYSTEM32\bcrypt.dll
0x00007ffc24180000 - 0x00007ffc241a9000 	C:\WINDOWS\SYSTEM32\USERENV.dll
0x00007ffc23cc0000 - 0x00007ffc23ccb000 	C:\WINDOWS\SYSTEM32\CRYPTBASE.dll
0x00007ffc23870000 - 0x00007ffc238a9000 	C:\WINDOWS\SYSTEM32\IPHLPAPI.DLL
0x00007ffc27ec0000 - 0x00007ffc27ec8000 	C:\WINDOWS\System32\NSI.dll
0x00007ffc1f290000 - 0x00007ffc1f2a6000 	C:\WINDOWS\SYSTEM32\dhcpcsvc6.DLL
0x00007ffc1f270000 - 0x00007ffc1f28a000 	C:\WINDOWS\SYSTEM32\dhcpcsvc.DLL

VM Arguments:
jvm_args: -Xmx1536m -Dfile.encoding=windows-1252 -Duser.country=IN -Duser.language=en -Duser.variant 
java_command: org.gradle.launcher.daemon.bootstrap.GradleDaemon 4.1
java_class_path (initial): C:\Users\mazher807\.gradle\wrapper\dists\gradle-4.1-all\bzyivzo6n839fup2jbap0tjew\gradle-4.1\lib\gradle-launcher-4.1.jar
Launcher Type: SUN_STANDARD

Environment Variables:
PATH=C:\ProgramData\Oracle\Java\javapath;C:\WINDOWS\system32;C:\WINDOWS;C:\WINDOWS\System32\Wbem;C:\WINDOWS\System32\WindowsPowerShell\v1.0\;C:\Program Files\dotnet\;C:\Program Files\Microsoft SQL Server\130\Tools\Binn\;C:\Program Files\Java\jdk-9.0.1\bin;%USERPROFILE%\AppData\Local\Microsoft\WindowsApps;
USERNAME=mazher807
OS=Windows_NT
PROCESSOR_IDENTIFIER=Intel64 Family 6 Model 61 Stepping 4, GenuineIntel



---------------  S Y S T E M  ---------------

OS: Windows 10.0 , 64 bit Build 16299 (10.0.16299.15)

CPU:total 4 (initial active 4) (2 cores per cpu, 2 threads per core) family 6 model 61 stepping 4, cmov, cx8, fxsr, mmx, sse, sse2, sse3, ssse3, sse4.1, sse4.2, popcnt, avx, avx2, aes, clmul, erms, 3dnowpref, lzcnt, ht, tsc, tscinvbit, bmi1, bmi2, adx

Memory: 4k page, physical 4112560k(383480k free), swap 16695472k(4244k free)

vm_info: OpenJDK 64-Bit Server VM (25.152-b01) for windows-amd64 JRE (1.8.0_152-release-915-b01), built by "builder" with MS VC++ 10.0 (VS2010)

time: Mon Feb 05 16:32:05 2018
elapsed time: 35 seconds (0d 0h 0m 35s)

